INFO - 2024-07-10 14:30:21 --> Session: Class initialized using 'CodeIgniter\Session\Handlers\FileHandler' driver.
INFO - 2024-07-10 14:30:26 --> Session: Class initialized using 'CodeIgniter\Session\Handlers\FileHandler' driver.
INFO - 2024-07-10 14:30:36 --> Session: Class initialized using 'CodeIgniter\Session\Handlers\FileHandler' driver.
ERROR - 2024-07-10 09:30:37 --> Error connecting to the database: CodeIgniter\Database\Exceptions\DatabaseException: [Microsoft][ODBC Driver 18 for SQL Server][SQL Server]Cannot open server 'atelier-hoteles' requested by the login. Client with IP address '187.155.108.183' is not allowed to access the server.  To enable access, use the Azure Management Portal or run sp_set_firewall_rule on the master database to create a firewall rule for this IP address or address range.  It may take up to five minutes for this change to take effect. SQLSTATE: 42000, code: 40615 in /Users/geosh/Sites/localhost/adhApi/system/Database/SQLSRV/Connection.php:142
Stack trace:
#0 /Users/geosh/Sites/localhost/adhApi/system/Database/BaseConnection.php(391): CodeIgniter\Database\SQLSRV\Connection->connect(false)
#1 /Users/geosh/Sites/localhost/adhApi/system/Database/BaseConnection.php(642): CodeIgniter\Database\BaseConnection->initialize()
#2 /Users/geosh/Sites/localhost/adhApi/app/Controllers/Transpo/DatabaseController.php(34): CodeIgniter\Database\BaseConnection->query('SELECT \n       ...')
#3 /Users/geosh/Sites/localhost/adhApi/system/CodeIgniter.php(919): App\Controllers\Transpo\DatabaseController->getIncluded('10')
#4 /Users/geosh/Sites/localhost/adhApi/system/CodeIgniter.php(494): CodeIgniter\CodeIgniter->runController(Object(App\Controllers\Transpo\DatabaseController))
#5 /Users/geosh/Sites/localhost/adhApi/system/CodeIgniter.php(353): CodeIgniter\CodeIgniter->handleRequest(NULL, Object(Config\Cache), false)
#6 /Users/geosh/Sites/localhost/adhApi/index.php(79): CodeIgniter\CodeIgniter->run()
#7 {main}
CRITICAL - 2024-07-10 09:30:37 --> Unable to connect to the database.
Main connection [SQLSRV]: [Microsoft][ODBC Driver 18 for SQL Server][SQL Server]Cannot open server 'atelier-hoteles' requested by the login. Client with IP address '187.155.108.183' is not allowed to access the server.  To enable access, use the Azure Management Portal or run sp_set_firewall_rule on the master database to create a firewall rule for this IP address or address range.  It may take up to five minutes for this change to take effect. SQLSTATE: 42000, code: 40615
in SYSTEMPATH/Database/BaseConnection.php on line 427.
 1 SYSTEMPATH/Database/BaseConnection.php(642): CodeIgniter\Database\BaseConnection->initialize()
 2 APPPATH/Controllers/Transpo/DatabaseController.php(34): CodeIgniter\Database\BaseConnection->query('SELECT 
                    CASE WHEN htl.Name LIKE \'%atelier playa mujeres%\' THEN \'ATELIER\'
                    WHEN htl.Name LIKE \'%Óleo Cancún Playa%\' THEN \'OLEO\'
                    ELSE htl.Name END as Hotel, ReservationNumber, DateFrom, DateTo, 
                    CONCAT(rsv.Adults,\'.\',COALESCE(rsv.Children,0)+COALESCE(rsv.Teens,0)+COALESCE(rsv.Infants,0)) as pax,
                    CONCAT(rsv.Name,\' \',rsv.LastName) as Guest, 
                    rsv.Email as Email
                FROM 
                    [dbo].[Reservations] rsv
                    LEFT JOIN [dbo].[Hotels] htl ON rsv.HotelId=htl.HotelId
                    LEFT JOIN [dbo].[Agencies] agn ON rsv.AgencyId=agn.AgencyId
                WHERE 
                    [ReservationDate] >= DATEADD(DAY, -(10), GETDATE())
                    AND DateCancel IS NULL
                    AND Company = \'Website\'
                    AND (Notes LIKE \'%Airport Transfer%\' OR Notes LIKE \'%Traslados Aeropuerto%\')')
 3 SYSTEMPATH/CodeIgniter.php(919): App\Controllers\Transpo\DatabaseController->getIncluded('10')
 4 SYSTEMPATH/CodeIgniter.php(494): CodeIgniter\CodeIgniter->runController(Object(App\Controllers\Transpo\DatabaseController))
 5 SYSTEMPATH/CodeIgniter.php(353): CodeIgniter\CodeIgniter->handleRequest(null, Object(Config\Cache), false)
 6 FCPATH/index.php(79): CodeIgniter\CodeIgniter->run()
INFO - 2024-07-10 14:30:41 --> Session: Class initialized using 'CodeIgniter\Session\Handlers\FileHandler' driver.
ERROR - 2024-07-10 09:30:43 --> Error connecting to the database: CodeIgniter\Database\Exceptions\DatabaseException: [Microsoft][ODBC Driver 18 for SQL Server][SQL Server]Cannot open server 'atelier-hoteles' requested by the login. Client with IP address '187.155.108.183' is not allowed to access the server.  To enable access, use the Azure Management Portal or run sp_set_firewall_rule on the master database to create a firewall rule for this IP address or address range.  It may take up to five minutes for this change to take effect. SQLSTATE: 42000, code: 40615 in /Users/geosh/Sites/localhost/adhApi/system/Database/SQLSRV/Connection.php:142
Stack trace:
#0 /Users/geosh/Sites/localhost/adhApi/system/Database/BaseConnection.php(391): CodeIgniter\Database\SQLSRV\Connection->connect(false)
#1 /Users/geosh/Sites/localhost/adhApi/system/Database/BaseConnection.php(642): CodeIgniter\Database\BaseConnection->initialize()
#2 /Users/geosh/Sites/localhost/adhApi/app/Controllers/Transpo/DatabaseController.php(34): CodeIgniter\Database\BaseConnection->query('SELECT \n       ...')
#3 /Users/geosh/Sites/localhost/adhApi/system/CodeIgniter.php(919): App\Controllers\Transpo\DatabaseController->getIncluded('10')
#4 /Users/geosh/Sites/localhost/adhApi/system/CodeIgniter.php(494): CodeIgniter\CodeIgniter->runController(Object(App\Controllers\Transpo\DatabaseController))
#5 /Users/geosh/Sites/localhost/adhApi/system/CodeIgniter.php(353): CodeIgniter\CodeIgniter->handleRequest(NULL, Object(Config\Cache), false)
#6 /Users/geosh/Sites/localhost/adhApi/index.php(79): CodeIgniter\CodeIgniter->run()
#7 {main}
CRITICAL - 2024-07-10 09:30:43 --> Unable to connect to the database.
Main connection [SQLSRV]: [Microsoft][ODBC Driver 18 for SQL Server][SQL Server]Cannot open server 'atelier-hoteles' requested by the login. Client with IP address '187.155.108.183' is not allowed to access the server.  To enable access, use the Azure Management Portal or run sp_set_firewall_rule on the master database to create a firewall rule for this IP address or address range.  It may take up to five minutes for this change to take effect. SQLSTATE: 42000, code: 40615
in SYSTEMPATH/Database/BaseConnection.php on line 427.
 1 SYSTEMPATH/Database/BaseConnection.php(642): CodeIgniter\Database\BaseConnection->initialize()
 2 APPPATH/Controllers/Transpo/DatabaseController.php(34): CodeIgniter\Database\BaseConnection->query('SELECT 
                    CASE WHEN htl.Name LIKE \'%atelier playa mujeres%\' THEN \'ATELIER\'
                    WHEN htl.Name LIKE \'%Óleo Cancún Playa%\' THEN \'OLEO\'
                    ELSE htl.Name END as Hotel, ReservationNumber, DateFrom, DateTo, 
                    CONCAT(rsv.Adults,\'.\',COALESCE(rsv.Children,0)+COALESCE(rsv.Teens,0)+COALESCE(rsv.Infants,0)) as pax,
                    CONCAT(rsv.Name,\' \',rsv.LastName) as Guest, 
                    rsv.Email as Email
                FROM 
                    [dbo].[Reservations] rsv
                    LEFT JOIN [dbo].[Hotels] htl ON rsv.HotelId=htl.HotelId
                    LEFT JOIN [dbo].[Agencies] agn ON rsv.AgencyId=agn.AgencyId
                WHERE 
                    [ReservationDate] >= DATEADD(DAY, -(10), GETDATE())
                    AND DateCancel IS NULL
                    AND Company = \'Website\'
                    AND (Notes LIKE \'%Airport Transfer%\' OR Notes LIKE \'%Traslados Aeropuerto%\')')
 3 SYSTEMPATH/CodeIgniter.php(919): App\Controllers\Transpo\DatabaseController->getIncluded('10')
 4 SYSTEMPATH/CodeIgniter.php(494): CodeIgniter\CodeIgniter->runController(Object(App\Controllers\Transpo\DatabaseController))
 5 SYSTEMPATH/CodeIgniter.php(353): CodeIgniter\CodeIgniter->handleRequest(null, Object(Config\Cache), false)
 6 FCPATH/index.php(79): CodeIgniter\CodeIgniter->run()
INFO - 2024-07-10 14:30:46 --> Session: Class initialized using 'CodeIgniter\Session\Handlers\FileHandler' driver.
ERROR - 2024-07-10 09:30:47 --> Error connecting to the database: CodeIgniter\Database\Exceptions\DatabaseException: [Microsoft][ODBC Driver 18 for SQL Server][SQL Server]Cannot open server 'atelier-hoteles' requested by the login. Client with IP address '187.155.108.183' is not allowed to access the server.  To enable access, use the Azure Management Portal or run sp_set_firewall_rule on the master database to create a firewall rule for this IP address or address range.  It may take up to five minutes for this change to take effect. SQLSTATE: 42000, code: 40615 in /Users/geosh/Sites/localhost/adhApi/system/Database/SQLSRV/Connection.php:142
Stack trace:
#0 /Users/geosh/Sites/localhost/adhApi/system/Database/BaseConnection.php(391): CodeIgniter\Database\SQLSRV\Connection->connect(false)
#1 /Users/geosh/Sites/localhost/adhApi/system/Database/BaseConnection.php(642): CodeIgniter\Database\BaseConnection->initialize()
#2 /Users/geosh/Sites/localhost/adhApi/app/Controllers/Transpo/DatabaseController.php(34): CodeIgniter\Database\BaseConnection->query('SELECT \n       ...')
#3 /Users/geosh/Sites/localhost/adhApi/system/CodeIgniter.php(919): App\Controllers\Transpo\DatabaseController->getIncluded('10')
#4 /Users/geosh/Sites/localhost/adhApi/system/CodeIgniter.php(494): CodeIgniter\CodeIgniter->runController(Object(App\Controllers\Transpo\DatabaseController))
#5 /Users/geosh/Sites/localhost/adhApi/system/CodeIgniter.php(353): CodeIgniter\CodeIgniter->handleRequest(NULL, Object(Config\Cache), false)
#6 /Users/geosh/Sites/localhost/adhApi/index.php(79): CodeIgniter\CodeIgniter->run()
#7 {main}
CRITICAL - 2024-07-10 09:30:47 --> Unable to connect to the database.
Main connection [SQLSRV]: [Microsoft][ODBC Driver 18 for SQL Server][SQL Server]Cannot open server 'atelier-hoteles' requested by the login. Client with IP address '187.155.108.183' is not allowed to access the server.  To enable access, use the Azure Management Portal or run sp_set_firewall_rule on the master database to create a firewall rule for this IP address or address range.  It may take up to five minutes for this change to take effect. SQLSTATE: 42000, code: 40615
in SYSTEMPATH/Database/BaseConnection.php on line 427.
 1 SYSTEMPATH/Database/BaseConnection.php(642): CodeIgniter\Database\BaseConnection->initialize()
 2 APPPATH/Controllers/Transpo/DatabaseController.php(34): CodeIgniter\Database\BaseConnection->query('SELECT 
                    CASE WHEN htl.Name LIKE \'%atelier playa mujeres%\' THEN \'ATELIER\'
                    WHEN htl.Name LIKE \'%Óleo Cancún Playa%\' THEN \'OLEO\'
                    ELSE htl.Name END as Hotel, ReservationNumber, DateFrom, DateTo, 
                    CONCAT(rsv.Adults,\'.\',COALESCE(rsv.Children,0)+COALESCE(rsv.Teens,0)+COALESCE(rsv.Infants,0)) as pax,
                    CONCAT(rsv.Name,\' \',rsv.LastName) as Guest, 
                    rsv.Email as Email
                FROM 
                    [dbo].[Reservations] rsv
                    LEFT JOIN [dbo].[Hotels] htl ON rsv.HotelId=htl.HotelId
                    LEFT JOIN [dbo].[Agencies] agn ON rsv.AgencyId=agn.AgencyId
                WHERE 
                    [ReservationDate] >= DATEADD(DAY, -(10), GETDATE())
                    AND DateCancel IS NULL
                    AND Company = \'Website\'
                    AND (Notes LIKE \'%Airport Transfer%\' OR Notes LIKE \'%Traslados Aeropuerto%\')')
 3 SYSTEMPATH/CodeIgniter.php(919): App\Controllers\Transpo\DatabaseController->getIncluded('10')
 4 SYSTEMPATH/CodeIgniter.php(494): CodeIgniter\CodeIgniter->runController(Object(App\Controllers\Transpo\DatabaseController))
 5 SYSTEMPATH/CodeIgniter.php(353): CodeIgniter\CodeIgniter->handleRequest(null, Object(Config\Cache), false)
 6 FCPATH/index.php(79): CodeIgniter\CodeIgniter->run()
INFO - 2024-07-10 14:30:49 --> Session: Class initialized using 'CodeIgniter\Session\Handlers\FileHandler' driver.
INFO - 2024-07-10 14:30:55 --> Session: Class initialized using 'CodeIgniter\Session\Handlers\FileHandler' driver.
ERROR - 2024-07-10 09:30:56 --> Error connecting to the database: CodeIgniter\Database\Exceptions\DatabaseException: [Microsoft][ODBC Driver 18 for SQL Server][SQL Server]Cannot open server 'atelier-hoteles' requested by the login. Client with IP address '187.155.108.183' is not allowed to access the server.  To enable access, use the Azure Management Portal or run sp_set_firewall_rule on the master database to create a firewall rule for this IP address or address range.  It may take up to five minutes for this change to take effect. SQLSTATE: 42000, code: 40615 in /Users/geosh/Sites/localhost/adhApi/system/Database/SQLSRV/Connection.php:142
Stack trace:
#0 /Users/geosh/Sites/localhost/adhApi/system/Database/BaseConnection.php(391): CodeIgniter\Database\SQLSRV\Connection->connect(false)
#1 /Users/geosh/Sites/localhost/adhApi/system/Database/BaseConnection.php(642): CodeIgniter\Database\BaseConnection->initialize()
#2 /Users/geosh/Sites/localhost/adhApi/app/Controllers/Transpo/DatabaseController.php(34): CodeIgniter\Database\BaseConnection->query('SELECT \n       ...')
#3 /Users/geosh/Sites/localhost/adhApi/system/CodeIgniter.php(919): App\Controllers\Transpo\DatabaseController->getIncluded('10')
#4 /Users/geosh/Sites/localhost/adhApi/system/CodeIgniter.php(494): CodeIgniter\CodeIgniter->runController(Object(App\Controllers\Transpo\DatabaseController))
#5 /Users/geosh/Sites/localhost/adhApi/system/CodeIgniter.php(353): CodeIgniter\CodeIgniter->handleRequest(NULL, Object(Config\Cache), false)
#6 /Users/geosh/Sites/localhost/adhApi/index.php(79): CodeIgniter\CodeIgniter->run()
#7 {main}
CRITICAL - 2024-07-10 09:30:56 --> Unable to connect to the database.
Main connection [SQLSRV]: [Microsoft][ODBC Driver 18 for SQL Server][SQL Server]Cannot open server 'atelier-hoteles' requested by the login. Client with IP address '187.155.108.183' is not allowed to access the server.  To enable access, use the Azure Management Portal or run sp_set_firewall_rule on the master database to create a firewall rule for this IP address or address range.  It may take up to five minutes for this change to take effect. SQLSTATE: 42000, code: 40615
in SYSTEMPATH/Database/BaseConnection.php on line 427.
 1 SYSTEMPATH/Database/BaseConnection.php(642): CodeIgniter\Database\BaseConnection->initialize()
 2 APPPATH/Controllers/Transpo/DatabaseController.php(34): CodeIgniter\Database\BaseConnection->query('SELECT 
                    CASE WHEN htl.Name LIKE \'%atelier playa mujeres%\' THEN \'ATELIER\'
                    WHEN htl.Name LIKE \'%Óleo Cancún Playa%\' THEN \'OLEO\'
                    ELSE htl.Name END as Hotel, ReservationNumber, DateFrom, DateTo, 
                    CONCAT(rsv.Adults,\'.\',COALESCE(rsv.Children,0)+COALESCE(rsv.Teens,0)+COALESCE(rsv.Infants,0)) as pax,
                    CONCAT(rsv.Name,\' \',rsv.LastName) as Guest, 
                    rsv.Email as Email
                FROM 
                    [dbo].[Reservations] rsv
                    LEFT JOIN [dbo].[Hotels] htl ON rsv.HotelId=htl.HotelId
                    LEFT JOIN [dbo].[Agencies] agn ON rsv.AgencyId=agn.AgencyId
                WHERE 
                    [ReservationDate] >= DATEADD(DAY, -(10), GETDATE())
                    AND DateCancel IS NULL
                    AND Company = \'Website\'
                    AND (Notes LIKE \'%Airport Transfer%\' OR Notes LIKE \'%Traslados Aeropuerto%\')')
 3 SYSTEMPATH/CodeIgniter.php(919): App\Controllers\Transpo\DatabaseController->getIncluded('10')
 4 SYSTEMPATH/CodeIgniter.php(494): CodeIgniter\CodeIgniter->runController(Object(App\Controllers\Transpo\DatabaseController))
 5 SYSTEMPATH/CodeIgniter.php(353): CodeIgniter\CodeIgniter->handleRequest(null, Object(Config\Cache), false)
 6 FCPATH/index.php(79): CodeIgniter\CodeIgniter->run()
INFO - 2024-07-10 14:30:58 --> Session: Class initialized using 'CodeIgniter\Session\Handlers\FileHandler' driver.
INFO - 2024-07-10 14:31:00 --> Session: Class initialized using 'CodeIgniter\Session\Handlers\FileHandler' driver.
ERROR - 2024-07-10 09:31:01 --> Error connecting to the database: CodeIgniter\Database\Exceptions\DatabaseException: [Microsoft][ODBC Driver 18 for SQL Server][SQL Server]Cannot open server 'atelier-hoteles' requested by the login. Client with IP address '187.155.108.183' is not allowed to access the server.  To enable access, use the Azure Management Portal or run sp_set_firewall_rule on the master database to create a firewall rule for this IP address or address range.  It may take up to five minutes for this change to take effect. SQLSTATE: 42000, code: 40615 in /Users/geosh/Sites/localhost/adhApi/system/Database/SQLSRV/Connection.php:142
Stack trace:
#0 /Users/geosh/Sites/localhost/adhApi/system/Database/BaseConnection.php(391): CodeIgniter\Database\SQLSRV\Connection->connect(false)
#1 /Users/geosh/Sites/localhost/adhApi/system/Database/BaseConnection.php(642): CodeIgniter\Database\BaseConnection->initialize()
#2 /Users/geosh/Sites/localhost/adhApi/app/Controllers/Transpo/DatabaseController.php(34): CodeIgniter\Database\BaseConnection->query('SELECT \n       ...')
#3 /Users/geosh/Sites/localhost/adhApi/system/CodeIgniter.php(919): App\Controllers\Transpo\DatabaseController->getIncluded('10')
#4 /Users/geosh/Sites/localhost/adhApi/system/CodeIgniter.php(494): CodeIgniter\CodeIgniter->runController(Object(App\Controllers\Transpo\DatabaseController))
#5 /Users/geosh/Sites/localhost/adhApi/system/CodeIgniter.php(353): CodeIgniter\CodeIgniter->handleRequest(NULL, Object(Config\Cache), false)
#6 /Users/geosh/Sites/localhost/adhApi/index.php(79): CodeIgniter\CodeIgniter->run()
#7 {main}
CRITICAL - 2024-07-10 09:31:01 --> Unable to connect to the database.
Main connection [SQLSRV]: [Microsoft][ODBC Driver 18 for SQL Server][SQL Server]Cannot open server 'atelier-hoteles' requested by the login. Client with IP address '187.155.108.183' is not allowed to access the server.  To enable access, use the Azure Management Portal or run sp_set_firewall_rule on the master database to create a firewall rule for this IP address or address range.  It may take up to five minutes for this change to take effect. SQLSTATE: 42000, code: 40615
in SYSTEMPATH/Database/BaseConnection.php on line 427.
 1 SYSTEMPATH/Database/BaseConnection.php(642): CodeIgniter\Database\BaseConnection->initialize()
 2 APPPATH/Controllers/Transpo/DatabaseController.php(34): CodeIgniter\Database\BaseConnection->query('SELECT 
                    CASE WHEN htl.Name LIKE \'%atelier playa mujeres%\' THEN \'ATELIER\'
                    WHEN htl.Name LIKE \'%Óleo Cancún Playa%\' THEN \'OLEO\'
                    ELSE htl.Name END as Hotel, ReservationNumber, DateFrom, DateTo, 
                    CONCAT(rsv.Adults,\'.\',COALESCE(rsv.Children,0)+COALESCE(rsv.Teens,0)+COALESCE(rsv.Infants,0)) as pax,
                    CONCAT(rsv.Name,\' \',rsv.LastName) as Guest, 
                    rsv.Email as Email
                FROM 
                    [dbo].[Reservations] rsv
                    LEFT JOIN [dbo].[Hotels] htl ON rsv.HotelId=htl.HotelId
                    LEFT JOIN [dbo].[Agencies] agn ON rsv.AgencyId=agn.AgencyId
                WHERE 
                    [ReservationDate] >= DATEADD(DAY, -(10), GETDATE())
                    AND DateCancel IS NULL
                    AND Company = \'Website\'
                    AND (Notes LIKE \'%Airport Transfer%\' OR Notes LIKE \'%Traslados Aeropuerto%\')')
 3 SYSTEMPATH/CodeIgniter.php(919): App\Controllers\Transpo\DatabaseController->getIncluded('10')
 4 SYSTEMPATH/CodeIgniter.php(494): CodeIgniter\CodeIgniter->runController(Object(App\Controllers\Transpo\DatabaseController))
 5 SYSTEMPATH/CodeIgniter.php(353): CodeIgniter\CodeIgniter->handleRequest(null, Object(Config\Cache), false)
 6 FCPATH/index.php(79): CodeIgniter\CodeIgniter->run()
INFO - 2024-07-10 14:31:03 --> Session: Class initialized using 'CodeIgniter\Session\Handlers\FileHandler' driver.
INFO - 2024-07-10 14:31:05 --> Session: Class initialized using 'CodeIgniter\Session\Handlers\FileHandler' driver.
ERROR - 2024-07-10 09:31:06 --> Error connecting to the database: CodeIgniter\Database\Exceptions\DatabaseException: [Microsoft][ODBC Driver 18 for SQL Server][SQL Server]Cannot open server 'atelier-hoteles' requested by the login. Client with IP address '187.155.108.183' is not allowed to access the server.  To enable access, use the Azure Management Portal or run sp_set_firewall_rule on the master database to create a firewall rule for this IP address or address range.  It may take up to five minutes for this change to take effect. SQLSTATE: 42000, code: 40615 in /Users/geosh/Sites/localhost/adhApi/system/Database/SQLSRV/Connection.php:142
Stack trace:
#0 /Users/geosh/Sites/localhost/adhApi/system/Database/BaseConnection.php(391): CodeIgniter\Database\SQLSRV\Connection->connect(false)
#1 /Users/geosh/Sites/localhost/adhApi/system/Database/BaseConnection.php(642): CodeIgniter\Database\BaseConnection->initialize()
#2 /Users/geosh/Sites/localhost/adhApi/app/Controllers/Transpo/DatabaseController.php(34): CodeIgniter\Database\BaseConnection->query('SELECT \n       ...')
#3 /Users/geosh/Sites/localhost/adhApi/system/CodeIgniter.php(919): App\Controllers\Transpo\DatabaseController->getIncluded('10')
#4 /Users/geosh/Sites/localhost/adhApi/system/CodeIgniter.php(494): CodeIgniter\CodeIgniter->runController(Object(App\Controllers\Transpo\DatabaseController))
#5 /Users/geosh/Sites/localhost/adhApi/system/CodeIgniter.php(353): CodeIgniter\CodeIgniter->handleRequest(NULL, Object(Config\Cache), false)
#6 /Users/geosh/Sites/localhost/adhApi/index.php(79): CodeIgniter\CodeIgniter->run()
#7 {main}
CRITICAL - 2024-07-10 09:31:06 --> Unable to connect to the database.
Main connection [SQLSRV]: [Microsoft][ODBC Driver 18 for SQL Server][SQL Server]Cannot open server 'atelier-hoteles' requested by the login. Client with IP address '187.155.108.183' is not allowed to access the server.  To enable access, use the Azure Management Portal or run sp_set_firewall_rule on the master database to create a firewall rule for this IP address or address range.  It may take up to five minutes for this change to take effect. SQLSTATE: 42000, code: 40615
in SYSTEMPATH/Database/BaseConnection.php on line 427.
 1 SYSTEMPATH/Database/BaseConnection.php(642): CodeIgniter\Database\BaseConnection->initialize()
 2 APPPATH/Controllers/Transpo/DatabaseController.php(34): CodeIgniter\Database\BaseConnection->query('SELECT 
                    CASE WHEN htl.Name LIKE \'%atelier playa mujeres%\' THEN \'ATELIER\'
                    WHEN htl.Name LIKE \'%Óleo Cancún Playa%\' THEN \'OLEO\'
                    ELSE htl.Name END as Hotel, ReservationNumber, DateFrom, DateTo, 
                    CONCAT(rsv.Adults,\'.\',COALESCE(rsv.Children,0)+COALESCE(rsv.Teens,0)+COALESCE(rsv.Infants,0)) as pax,
                    CONCAT(rsv.Name,\' \',rsv.LastName) as Guest, 
                    rsv.Email as Email
                FROM 
                    [dbo].[Reservations] rsv
                    LEFT JOIN [dbo].[Hotels] htl ON rsv.HotelId=htl.HotelId
                    LEFT JOIN [dbo].[Agencies] agn ON rsv.AgencyId=agn.AgencyId
                WHERE 
                    [ReservationDate] >= DATEADD(DAY, -(10), GETDATE())
                    AND DateCancel IS NULL
                    AND Company = \'Website\'
                    AND (Notes LIKE \'%Airport Transfer%\' OR Notes LIKE \'%Traslados Aeropuerto%\')')
 3 SYSTEMPATH/CodeIgniter.php(919): App\Controllers\Transpo\DatabaseController->getIncluded('10')
 4 SYSTEMPATH/CodeIgniter.php(494): CodeIgniter\CodeIgniter->runController(Object(App\Controllers\Transpo\DatabaseController))
 5 SYSTEMPATH/CodeIgniter.php(353): CodeIgniter\CodeIgniter->handleRequest(null, Object(Config\Cache), false)
 6 FCPATH/index.php(79): CodeIgniter\CodeIgniter->run()
INFO - 2024-07-10 14:31:08 --> Session: Class initialized using 'CodeIgniter\Session\Handlers\FileHandler' driver.
INFO - 2024-07-10 14:31:59 --> Session: Class initialized using 'CodeIgniter\Session\Handlers\FileHandler' driver.
INFO - 2024-07-10 14:32:00 --> Session: Class initialized using 'CodeIgniter\Session\Handlers\FileHandler' driver.
INFO - 2024-07-10 14:32:04 --> Session: Class initialized using 'CodeIgniter\Session\Handlers\FileHandler' driver.
INFO - 2024-07-10 14:32:05 --> Session: Class initialized using 'CodeIgniter\Session\Handlers\FileHandler' driver.
INFO - 2024-07-10 14:32:09 --> Session: Class initialized using 'CodeIgniter\Session\Handlers\FileHandler' driver.
INFO - 2024-07-10 14:32:10 --> Session: Class initialized using 'CodeIgniter\Session\Handlers\FileHandler' driver.
INFO - 2024-07-10 14:32:16 --> Session: Class initialized using 'CodeIgniter\Session\Handlers\FileHandler' driver.
INFO - 2024-07-10 14:32:20 --> Session: Class initialized using 'CodeIgniter\Session\Handlers\FileHandler' driver.
INFO - 2024-07-10 14:32:22 --> Session: Class initialized using 'CodeIgniter\Session\Handlers\FileHandler' driver.
INFO - 2024-07-10 14:32:25 --> Session: Class initialized using 'CodeIgniter\Session\Handlers\FileHandler' driver.
INFO - 2024-07-10 14:35:26 --> Session: Class initialized using 'CodeIgniter\Session\Handlers\FileHandler' driver.
INFO - 2024-07-10 14:35:30 --> Session: Class initialized using 'CodeIgniter\Session\Handlers\FileHandler' driver.
INFO - 2024-07-10 14:35:41 --> Session: Class initialized using 'CodeIgniter\Session\Handlers\FileHandler' driver.
INFO - 2024-07-10 14:35:46 --> Session: Class initialized using 'CodeIgniter\Session\Handlers\FileHandler' driver.
INFO - 2024-07-10 14:35:55 --> Session: Class initialized using 'CodeIgniter\Session\Handlers\FileHandler' driver.
INFO - 2024-07-10 14:36:08 --> Session: Class initialized using 'CodeIgniter\Session\Handlers\FileHandler' driver.
INFO - 2024-07-10 14:36:16 --> Session: Class initialized using 'CodeIgniter\Session\Handlers\FileHandler' driver.
INFO - 2024-07-10 14:36:21 --> Session: Class initialized using 'CodeIgniter\Session\Handlers\FileHandler' driver.
INFO - 2024-07-10 14:36:25 --> Session: Class initialized using 'CodeIgniter\Session\Handlers\FileHandler' driver.
INFO - 2024-07-10 14:36:26 --> Session: Class initialized using 'CodeIgniter\Session\Handlers\FileHandler' driver.
INFO - 2024-07-10 14:36:52 --> Session: Class initialized using 'CodeIgniter\Session\Handlers\FileHandler' driver.
