INFO - 2024-07-11 16:03:14 --> Session: Class initialized using 'CodeIgniter\Session\Handlers\FileHandler' driver.
INFO - 2024-07-11 16:03:18 --> Session: Class initialized using 'CodeIgniter\Session\Handlers\FileHandler' driver.
INFO - 2024-07-11 16:03:57 --> Session: Class initialized using 'CodeIgniter\Session\Handlers\FileHandler' driver.
INFO - 2024-07-11 16:03:57 --> Session: Class initialized using 'CodeIgniter\Session\Handlers\FileHandler' driver.
INFO - 2024-07-11 16:04:31 --> Session: Class initialized using 'CodeIgniter\Session\Handlers\FileHandler' driver.
INFO - 2024-07-11 16:04:31 --> Session: Class initialized using 'CodeIgniter\Session\Handlers\FileHandler' driver.
INFO - 2024-07-11 16:09:33 --> Session: Class initialized using 'CodeIgniter\Session\Handlers\FileHandler' driver.
INFO - 2024-07-11 16:09:58 --> Session: Class initialized using 'CodeIgniter\Session\Handlers\FileHandler' driver.
INFO - 2024-07-11 16:09:59 --> Session: Class initialized using 'CodeIgniter\Session\Handlers\FileHandler' driver.
INFO - 2024-07-11 16:12:46 --> Session: Class initialized using 'CodeIgniter\Session\Handlers\FileHandler' driver.
INFO - 2024-07-11 16:12:48 --> Session: Class initialized using 'CodeIgniter\Session\Handlers\FileHandler' driver.
INFO - 2024-07-11 16:12:49 --> Session: Class initialized using 'CodeIgniter\Session\Handlers\FileHandler' driver.
INFO - 2024-07-11 16:12:51 --> Session: Class initialized using 'CodeIgniter\Session\Handlers\FileHandler' driver.
INFO - 2024-07-11 16:12:54 --> Session: Class initialized using 'CodeIgniter\Session\Handlers\FileHandler' driver.
CRITICAL - 2024-07-11 11:12:56 --> Undefined array key "reservationNumber"
in APPPATH/Controllers/Transpo/DatabaseController.php on line 90.
 1 APPPATH/Controllers/Transpo/DatabaseController.php(90): CodeIgniter\Debug\Exceptions->errorHandler(2, 'Undefined array key "reservationNumber"', '/Users/geosh/Sites/localhost/adhApi/app/Controllers/Transpo/DatabaseController.php', 90)
 2 APPPATH/Controllers/Transpo/DatabaseController.php(56): App\Controllers\Transpo\DatabaseController->buildForFile([...], [...])
 3 SYSTEMPATH/CodeIgniter.php(919): App\Controllers\Transpo\DatabaseController->getIncluded('10')
 4 SYSTEMPATH/CodeIgniter.php(494): CodeIgniter\CodeIgniter->runController(Object(App\Controllers\Transpo\DatabaseController))
 5 SYSTEMPATH/CodeIgniter.php(353): CodeIgniter\CodeIgniter->handleRequest(null, Object(Config\Cache), false)
 6 FCPATH/index.php(79): CodeIgniter\CodeIgniter->run()
INFO - 2024-07-11 16:13:29 --> Session: Class initialized using 'CodeIgniter\Session\Handlers\FileHandler' driver.
INFO - 2024-07-11 16:13:32 --> Session: Class initialized using 'CodeIgniter\Session\Handlers\FileHandler' driver.
CRITICAL - 2024-07-11 11:13:34 --> Cannot access offset of type string on string
in APPPATH/Controllers/Transpo/DatabaseController.php on line 71.
 1 SYSTEMPATH/CodeIgniter.php(919): App\Controllers\Transpo\DatabaseController->getIncluded('10')
 2 SYSTEMPATH/CodeIgniter.php(494): CodeIgniter\CodeIgniter->runController(Object(App\Controllers\Transpo\DatabaseController))
 3 SYSTEMPATH/CodeIgniter.php(353): CodeIgniter\CodeIgniter->handleRequest(null, Object(Config\Cache), false)
 4 FCPATH/index.php(79): CodeIgniter\CodeIgniter->run()
INFO - 2024-07-11 16:13:50 --> Session: Class initialized using 'CodeIgniter\Session\Handlers\FileHandler' driver.
INFO - 2024-07-11 16:18:35 --> Session: Class initialized using 'CodeIgniter\Session\Handlers\FileHandler' driver.
INFO - 2024-07-11 16:18:38 --> Session: Class initialized using 'CodeIgniter\Session\Handlers\FileHandler' driver.
ERROR - 2024-07-11 11:18:39 --> Error connecting to the database: CodeIgniter\Database\Exceptions\DatabaseException: [Microsoft][ODBC Driver 18 for SQL Server][SQL Server]Cannot open server 'atelier-hoteles' requested by the login. Client with IP address '187.155.108.183' is not allowed to access the server.  To enable access, use the Azure Management Portal or run sp_set_firewall_rule on the master database to create a firewall rule for this IP address or address range.  It may take up to five minutes for this change to take effect. SQLSTATE: 42000, code: 40615 in /Users/geosh/Sites/localhost/adhApi/system/Database/SQLSRV/Connection.php:142
Stack trace:
#0 /Users/geosh/Sites/localhost/adhApi/system/Database/BaseConnection.php(391): CodeIgniter\Database\SQLSRV\Connection->connect(false)
#1 /Users/geosh/Sites/localhost/adhApi/system/Database/BaseConnection.php(642): CodeIgniter\Database\BaseConnection->initialize()
#2 /Users/geosh/Sites/localhost/adhApi/app/Controllers/Transpo/DatabaseController.php(39): CodeIgniter\Database\BaseConnection->query('SELECT \n       ...')
#3 /Users/geosh/Sites/localhost/adhApi/system/CodeIgniter.php(919): App\Controllers\Transpo\DatabaseController->getIncluded('10')
#4 /Users/geosh/Sites/localhost/adhApi/system/CodeIgniter.php(494): CodeIgniter\CodeIgniter->runController(Object(App\Controllers\Transpo\DatabaseController))
#5 /Users/geosh/Sites/localhost/adhApi/system/CodeIgniter.php(353): CodeIgniter\CodeIgniter->handleRequest(NULL, Object(Config\Cache), false)
#6 /Users/geosh/Sites/localhost/adhApi/index.php(79): CodeIgniter\CodeIgniter->run()
#7 {main}
CRITICAL - 2024-07-11 11:18:39 --> Unable to connect to the database.
Main connection [SQLSRV]: [Microsoft][ODBC Driver 18 for SQL Server][SQL Server]Cannot open server 'atelier-hoteles' requested by the login. Client with IP address '187.155.108.183' is not allowed to access the server.  To enable access, use the Azure Management Portal or run sp_set_firewall_rule on the master database to create a firewall rule for this IP address or address range.  It may take up to five minutes for this change to take effect. SQLSTATE: 42000, code: 40615
in SYSTEMPATH/Database/BaseConnection.php on line 427.
 1 SYSTEMPATH/Database/BaseConnection.php(642): CodeIgniter\Database\BaseConnection->initialize()
 2 APPPATH/Controllers/Transpo/DatabaseController.php(39): CodeIgniter\Database\BaseConnection->query('SELECT 
                    CASE WHEN htl.Name LIKE \'%atelier playa mujeres%\' THEN \'ATELIER\'
                    WHEN htl.Name LIKE \'%Óleo Cancún Playa%\' THEN \'OLEO\'
                    ELSE htl.Name END as Hotel, ReservationNumber, DateFrom, DateTo, 
                    CONCAT(rsv.Adults,\'.\',COALESCE(rsv.Children,0)+COALESCE(rsv.Teens,0)+COALESCE(rsv.Infants,0)) as pax,
                    CONCAT(rsv.Name,\' \',rsv.LastName) as Guest, 
                    rsv.Email as Email
                FROM 
                    [dbo].[Reservations] rsv
                    LEFT JOIN [dbo].[Hotels] htl ON rsv.HotelId=htl.HotelId
                    LEFT JOIN [dbo].[Agencies] agn ON rsv.AgencyId=agn.AgencyId
                WHERE 
                    (
                        [ReservationDate] >= DATEADD(DAY, -(10), GETDATE())
                        OR DateFrom BETWEEN GETDATE() AND DATEADD(DAY, 10, GETDATE())
                    )
                    AND DateCancel IS NULL
                    AND Company = \'Website\'
                    AND (Notes LIKE \'%Airport Transfer%\' OR Notes LIKE \'%Traslados Aeropuerto%\')')
 3 SYSTEMPATH/CodeIgniter.php(919): App\Controllers\Transpo\DatabaseController->getIncluded('10')
 4 SYSTEMPATH/CodeIgniter.php(494): CodeIgniter\CodeIgniter->runController(Object(App\Controllers\Transpo\DatabaseController))
 5 SYSTEMPATH/CodeIgniter.php(353): CodeIgniter\CodeIgniter->handleRequest(null, Object(Config\Cache), false)
 6 FCPATH/index.php(79): CodeIgniter\CodeIgniter->run()
INFO - 2024-07-11 16:18:44 --> Session: Class initialized using 'CodeIgniter\Session\Handlers\FileHandler' driver.
INFO - 2024-07-11 16:18:47 --> Session: Class initialized using 'CodeIgniter\Session\Handlers\FileHandler' driver.
CRITICAL - 2024-07-11 11:18:49 --> There is no data to insert.
in SYSTEMPATH/BaseModel.php on line 768.
 1 SYSTEMPATH/BaseModel.php(768): CodeIgniter\Database\Exceptions\DataException::forEmptyDataset('insert')
 2 SYSTEMPATH/Model.php(715): CodeIgniter\BaseModel->insert([], true)
 3 APPPATH/Controllers/Transpo/DatabaseController.php(76): CodeIgniter\Model->insert([...], true)
 4 SYSTEMPATH/CodeIgniter.php(919): App\Controllers\Transpo\DatabaseController->getIncluded('10')
 5 SYSTEMPATH/CodeIgniter.php(494): CodeIgniter\CodeIgniter->runController(Object(App\Controllers\Transpo\DatabaseController))
 6 SYSTEMPATH/CodeIgniter.php(353): CodeIgniter\CodeIgniter->handleRequest(null, Object(Config\Cache), false)
 7 FCPATH/index.php(79): CodeIgniter\CodeIgniter->run()
INFO - 2024-07-11 16:20:20 --> Session: Class initialized using 'CodeIgniter\Session\Handlers\FileHandler' driver.
INFO - 2024-07-11 16:22:08 --> Session: Class initialized using 'CodeIgniter\Session\Handlers\FileHandler' driver.
CRITICAL - 2024-07-11 11:22:10 --> There is no data to insert.
in SYSTEMPATH/BaseModel.php on line 768.
 1 SYSTEMPATH/BaseModel.php(768): CodeIgniter\Database\Exceptions\DataException::forEmptyDataset('insert')
 2 SYSTEMPATH/Model.php(715): CodeIgniter\BaseModel->insert([], true)
 3 APPPATH/Controllers/Transpo/DatabaseController.php(76): CodeIgniter\Model->insert([...], true)
 4 SYSTEMPATH/CodeIgniter.php(919): App\Controllers\Transpo\DatabaseController->getIncluded('10')
 5 SYSTEMPATH/CodeIgniter.php(494): CodeIgniter\CodeIgniter->runController(Object(App\Controllers\Transpo\DatabaseController))
 6 SYSTEMPATH/CodeIgniter.php(353): CodeIgniter\CodeIgniter->handleRequest(null, Object(Config\Cache), false)
 7 FCPATH/index.php(79): CodeIgniter\CodeIgniter->run()
INFO - 2024-07-11 16:25:02 --> Session: Class initialized using 'CodeIgniter\Session\Handlers\FileHandler' driver.
INFO - 2024-07-11 16:25:05 --> Session: Class initialized using 'CodeIgniter\Session\Handlers\FileHandler' driver.
ERROR - 2024-07-11 11:25:06 --> Error connecting to the database: CodeIgniter\Database\Exceptions\DatabaseException: [Microsoft][ODBC Driver 18 for SQL Server][SQL Server]Cannot open server 'atelier-hoteles' requested by the login. Client with IP address '187.155.108.183' is not allowed to access the server.  To enable access, use the Azure Management Portal or run sp_set_firewall_rule on the master database to create a firewall rule for this IP address or address range.  It may take up to five minutes for this change to take effect. SQLSTATE: 42000, code: 40615 in /Users/geosh/Sites/localhost/adhApi/system/Database/SQLSRV/Connection.php:142
Stack trace:
#0 /Users/geosh/Sites/localhost/adhApi/system/Database/BaseConnection.php(391): CodeIgniter\Database\SQLSRV\Connection->connect(false)
#1 /Users/geosh/Sites/localhost/adhApi/system/Database/BaseConnection.php(642): CodeIgniter\Database\BaseConnection->initialize()
#2 /Users/geosh/Sites/localhost/adhApi/app/Controllers/Transpo/DatabaseController.php(39): CodeIgniter\Database\BaseConnection->query('SELECT \n       ...')
#3 /Users/geosh/Sites/localhost/adhApi/system/CodeIgniter.php(919): App\Controllers\Transpo\DatabaseController->getIncluded('10')
#4 /Users/geosh/Sites/localhost/adhApi/system/CodeIgniter.php(494): CodeIgniter\CodeIgniter->runController(Object(App\Controllers\Transpo\DatabaseController))
#5 /Users/geosh/Sites/localhost/adhApi/system/CodeIgniter.php(353): CodeIgniter\CodeIgniter->handleRequest(NULL, Object(Config\Cache), false)
#6 /Users/geosh/Sites/localhost/adhApi/index.php(79): CodeIgniter\CodeIgniter->run()
#7 {main}
CRITICAL - 2024-07-11 11:25:06 --> Unable to connect to the database.
Main connection [SQLSRV]: [Microsoft][ODBC Driver 18 for SQL Server][SQL Server]Cannot open server 'atelier-hoteles' requested by the login. Client with IP address '187.155.108.183' is not allowed to access the server.  To enable access, use the Azure Management Portal or run sp_set_firewall_rule on the master database to create a firewall rule for this IP address or address range.  It may take up to five minutes for this change to take effect. SQLSTATE: 42000, code: 40615
in SYSTEMPATH/Database/BaseConnection.php on line 427.
 1 SYSTEMPATH/Database/BaseConnection.php(642): CodeIgniter\Database\BaseConnection->initialize()
 2 APPPATH/Controllers/Transpo/DatabaseController.php(39): CodeIgniter\Database\BaseConnection->query('SELECT 
                    CASE WHEN htl.Name LIKE \'%atelier playa mujeres%\' THEN \'ATELIER\'
                    WHEN htl.Name LIKE \'%Óleo Cancún Playa%\' THEN \'OLEO\'
                    ELSE htl.Name END as Hotel, ReservationNumber, DateFrom, DateTo, 
                    CONCAT(rsv.Adults,\'.\',COALESCE(rsv.Children,0)+COALESCE(rsv.Teens,0)+COALESCE(rsv.Infants,0)) as pax,
                    CONCAT(rsv.Name,\' \',rsv.LastName) as Guest, 
                    rsv.Email as Email
                FROM 
                    [dbo].[Reservations] rsv
                    LEFT JOIN [dbo].[Hotels] htl ON rsv.HotelId=htl.HotelId
                    LEFT JOIN [dbo].[Agencies] agn ON rsv.AgencyId=agn.AgencyId
                WHERE 
                    (
                        [ReservationDate] >= DATEADD(DAY, -(10), GETDATE())
                        OR DateFrom BETWEEN GETDATE() AND DATEADD(DAY, 10, GETDATE())
                    )
                    AND DateCancel IS NULL
                    AND Company = \'Website\'
                    AND (Notes LIKE \'%Airport Transfer%\' OR Notes LIKE \'%Traslados Aeropuerto%\')')
 3 SYSTEMPATH/CodeIgniter.php(919): App\Controllers\Transpo\DatabaseController->getIncluded('10')
 4 SYSTEMPATH/CodeIgniter.php(494): CodeIgniter\CodeIgniter->runController(Object(App\Controllers\Transpo\DatabaseController))
 5 SYSTEMPATH/CodeIgniter.php(353): CodeIgniter\CodeIgniter->handleRequest(null, Object(Config\Cache), false)
 6 FCPATH/index.php(79): CodeIgniter\CodeIgniter->run()
INFO - 2024-07-11 16:26:06 --> Session: Class initialized using 'CodeIgniter\Session\Handlers\FileHandler' driver.
INFO - 2024-07-11 16:26:07 --> Session: Class initialized using 'CodeIgniter\Session\Handlers\FileHandler' driver.
INFO - 2024-07-11 16:26:09 --> Session: Class initialized using 'CodeIgniter\Session\Handlers\FileHandler' driver.
INFO - 2024-07-11 16:26:11 --> Session: Class initialized using 'CodeIgniter\Session\Handlers\FileHandler' driver.
ERROR - 2024-07-11 11:26:12 --> Error connecting to the database: CodeIgniter\Database\Exceptions\DatabaseException: [Microsoft][ODBC Driver 18 for SQL Server][SQL Server]Cannot open server 'atelier-hoteles' requested by the login. Client with IP address '187.155.108.183' is not allowed to access the server.  To enable access, use the Azure Management Portal or run sp_set_firewall_rule on the master database to create a firewall rule for this IP address or address range.  It may take up to five minutes for this change to take effect. SQLSTATE: 42000, code: 40615 in /Users/geosh/Sites/localhost/adhApi/system/Database/SQLSRV/Connection.php:142
Stack trace:
#0 /Users/geosh/Sites/localhost/adhApi/system/Database/BaseConnection.php(391): CodeIgniter\Database\SQLSRV\Connection->connect(false)
#1 /Users/geosh/Sites/localhost/adhApi/system/Database/BaseConnection.php(642): CodeIgniter\Database\BaseConnection->initialize()
#2 /Users/geosh/Sites/localhost/adhApi/app/Controllers/Transpo/DatabaseController.php(39): CodeIgniter\Database\BaseConnection->query('SELECT \n       ...')
#3 /Users/geosh/Sites/localhost/adhApi/system/CodeIgniter.php(919): App\Controllers\Transpo\DatabaseController->getIncluded('10')
#4 /Users/geosh/Sites/localhost/adhApi/system/CodeIgniter.php(494): CodeIgniter\CodeIgniter->runController(Object(App\Controllers\Transpo\DatabaseController))
#5 /Users/geosh/Sites/localhost/adhApi/system/CodeIgniter.php(353): CodeIgniter\CodeIgniter->handleRequest(NULL, Object(Config\Cache), false)
#6 /Users/geosh/Sites/localhost/adhApi/index.php(79): CodeIgniter\CodeIgniter->run()
#7 {main}
CRITICAL - 2024-07-11 11:26:12 --> Unable to connect to the database.
Main connection [SQLSRV]: [Microsoft][ODBC Driver 18 for SQL Server][SQL Server]Cannot open server 'atelier-hoteles' requested by the login. Client with IP address '187.155.108.183' is not allowed to access the server.  To enable access, use the Azure Management Portal or run sp_set_firewall_rule on the master database to create a firewall rule for this IP address or address range.  It may take up to five minutes for this change to take effect. SQLSTATE: 42000, code: 40615
in SYSTEMPATH/Database/BaseConnection.php on line 427.
 1 SYSTEMPATH/Database/BaseConnection.php(642): CodeIgniter\Database\BaseConnection->initialize()
 2 APPPATH/Controllers/Transpo/DatabaseController.php(39): CodeIgniter\Database\BaseConnection->query('SELECT 
                    CASE WHEN htl.Name LIKE \'%atelier playa mujeres%\' THEN \'ATELIER\'
                    WHEN htl.Name LIKE \'%Óleo Cancún Playa%\' THEN \'OLEO\'
                    ELSE htl.Name END as Hotel, ReservationNumber, DateFrom, DateTo, 
                    CONCAT(rsv.Adults,\'.\',COALESCE(rsv.Children,0)+COALESCE(rsv.Teens,0)+COALESCE(rsv.Infants,0)) as pax,
                    CONCAT(rsv.Name,\' \',rsv.LastName) as Guest, 
                    rsv.Email as Email
                FROM 
                    [dbo].[Reservations] rsv
                    LEFT JOIN [dbo].[Hotels] htl ON rsv.HotelId=htl.HotelId
                    LEFT JOIN [dbo].[Agencies] agn ON rsv.AgencyId=agn.AgencyId
                WHERE 
                    (
                        [ReservationDate] >= DATEADD(DAY, -(10), GETDATE())
                        OR DateFrom BETWEEN GETDATE() AND DATEADD(DAY, 10, GETDATE())
                    )
                    AND DateCancel IS NULL
                    AND Company = \'Website\'
                    AND (Notes LIKE \'%Airport Transfer%\' OR Notes LIKE \'%Traslados Aeropuerto%\')')
 3 SYSTEMPATH/CodeIgniter.php(919): App\Controllers\Transpo\DatabaseController->getIncluded('10')
 4 SYSTEMPATH/CodeIgniter.php(494): CodeIgniter\CodeIgniter->runController(Object(App\Controllers\Transpo\DatabaseController))
 5 SYSTEMPATH/CodeIgniter.php(353): CodeIgniter\CodeIgniter->handleRequest(null, Object(Config\Cache), false)
 6 FCPATH/index.php(79): CodeIgniter\CodeIgniter->run()
INFO - 2024-07-11 16:26:13 --> Session: Class initialized using 'CodeIgniter\Session\Handlers\FileHandler' driver.
INFO - 2024-07-11 16:26:16 --> Session: Class initialized using 'CodeIgniter\Session\Handlers\FileHandler' driver.
CRITICAL - 2024-07-11 11:26:18 --> Undefined array key 0
in APPPATH/Helpers/database_helper.php on line 49.
 1 APPPATH/Helpers/database_helper.php(49): CodeIgniter\Debug\Exceptions->errorHandler(2, 'Undefined array key 0', '/Users/geosh/Sites/localhost/adhApi/app/Helpers/database_helper.php', 49)
 2 APPPATH/Controllers/Transpo/DatabaseController.php(64): insertIgnoreBatch('qwt_transportaciones', [])
 3 SYSTEMPATH/CodeIgniter.php(919): App\Controllers\Transpo\DatabaseController->getIncluded('10')
 4 SYSTEMPATH/CodeIgniter.php(494): CodeIgniter\CodeIgniter->runController(Object(App\Controllers\Transpo\DatabaseController))
 5 SYSTEMPATH/CodeIgniter.php(353): CodeIgniter\CodeIgniter->handleRequest(null, Object(Config\Cache), false)
 6 FCPATH/index.php(79): CodeIgniter\CodeIgniter->run()
INFO - 2024-07-11 16:26:52 --> Session: Class initialized using 'CodeIgniter\Session\Handlers\FileHandler' driver.
INFO - 2024-07-11 16:27:08 --> Session: Class initialized using 'CodeIgniter\Session\Handlers\FileHandler' driver.
INFO - 2024-07-11 16:27:44 --> Session: Class initialized using 'CodeIgniter\Session\Handlers\FileHandler' driver.
ERROR - 2024-07-11 11:27:45 --> Error connecting to the database: CodeIgniter\Database\Exceptions\DatabaseException: [Microsoft][ODBC Driver 18 for SQL Server][SQL Server]Cannot open server 'atelier-hoteles' requested by the login. Client with IP address '187.155.108.183' is not allowed to access the server.  To enable access, use the Azure Management Portal or run sp_set_firewall_rule on the master database to create a firewall rule for this IP address or address range.  It may take up to five minutes for this change to take effect. SQLSTATE: 42000, code: 40615 in /Users/geosh/Sites/localhost/adhApi/system/Database/SQLSRV/Connection.php:142
Stack trace:
#0 /Users/geosh/Sites/localhost/adhApi/system/Database/BaseConnection.php(391): CodeIgniter\Database\SQLSRV\Connection->connect(false)
#1 /Users/geosh/Sites/localhost/adhApi/system/Database/BaseConnection.php(642): CodeIgniter\Database\BaseConnection->initialize()
#2 /Users/geosh/Sites/localhost/adhApi/app/Controllers/Transpo/DatabaseController.php(39): CodeIgniter\Database\BaseConnection->query('SELECT \n       ...')
#3 /Users/geosh/Sites/localhost/adhApi/system/CodeIgniter.php(919): App\Controllers\Transpo\DatabaseController->getIncluded('10')
#4 /Users/geosh/Sites/localhost/adhApi/system/CodeIgniter.php(494): CodeIgniter\CodeIgniter->runController(Object(App\Controllers\Transpo\DatabaseController))
#5 /Users/geosh/Sites/localhost/adhApi/system/CodeIgniter.php(353): CodeIgniter\CodeIgniter->handleRequest(NULL, Object(Config\Cache), false)
#6 /Users/geosh/Sites/localhost/adhApi/index.php(79): CodeIgniter\CodeIgniter->run()
#7 {main}
CRITICAL - 2024-07-11 11:27:45 --> Unable to connect to the database.
Main connection [SQLSRV]: [Microsoft][ODBC Driver 18 for SQL Server][SQL Server]Cannot open server 'atelier-hoteles' requested by the login. Client with IP address '187.155.108.183' is not allowed to access the server.  To enable access, use the Azure Management Portal or run sp_set_firewall_rule on the master database to create a firewall rule for this IP address or address range.  It may take up to five minutes for this change to take effect. SQLSTATE: 42000, code: 40615
in SYSTEMPATH/Database/BaseConnection.php on line 427.
 1 SYSTEMPATH/Database/BaseConnection.php(642): CodeIgniter\Database\BaseConnection->initialize()
 2 APPPATH/Controllers/Transpo/DatabaseController.php(39): CodeIgniter\Database\BaseConnection->query('SELECT 
                    CASE WHEN htl.Name LIKE \'%atelier playa mujeres%\' THEN \'ATELIER\'
                    WHEN htl.Name LIKE \'%Óleo Cancún Playa%\' THEN \'OLEO\'
                    ELSE htl.Name END as Hotel, ReservationNumber, DateFrom, DateTo, 
                    CONCAT(rsv.Adults,\'.\',COALESCE(rsv.Children,0)+COALESCE(rsv.Teens,0)+COALESCE(rsv.Infants,0)) as pax,
                    CONCAT(rsv.Name,\' \',rsv.LastName) as Guest, 
                    rsv.Email as Email
                FROM 
                    [dbo].[Reservations] rsv
                    LEFT JOIN [dbo].[Hotels] htl ON rsv.HotelId=htl.HotelId
                    LEFT JOIN [dbo].[Agencies] agn ON rsv.AgencyId=agn.AgencyId
                WHERE 
                    (
                        [ReservationDate] >= DATEADD(DAY, -(10), GETDATE())
                        OR DateFrom BETWEEN GETDATE() AND DATEADD(DAY, 10, GETDATE())
                    )
                    AND DateCancel IS NULL
                    AND Company = \'Website\'
                    AND (Notes LIKE \'%Airport Transfer%\' OR Notes LIKE \'%Traslados Aeropuerto%\')')
 3 SYSTEMPATH/CodeIgniter.php(919): App\Controllers\Transpo\DatabaseController->getIncluded('10')
 4 SYSTEMPATH/CodeIgniter.php(494): CodeIgniter\CodeIgniter->runController(Object(App\Controllers\Transpo\DatabaseController))
 5 SYSTEMPATH/CodeIgniter.php(353): CodeIgniter\CodeIgniter->handleRequest(null, Object(Config\Cache), false)
 6 FCPATH/index.php(79): CodeIgniter\CodeIgniter->run()
INFO - 2024-07-11 16:27:50 --> Session: Class initialized using 'CodeIgniter\Session\Handlers\FileHandler' driver.
CRITICAL - 2024-07-11 11:27:51 --> Undefined array key 0
in APPPATH/Helpers/database_helper.php on line 49.
 1 APPPATH/Helpers/database_helper.php(49): CodeIgniter\Debug\Exceptions->errorHandler(2, 'Undefined array key 0', '/Users/geosh/Sites/localhost/adhApi/app/Helpers/database_helper.php', 49)
 2 APPPATH/Controllers/Transpo/DatabaseController.php(64): insertIgnoreBatch('qwt_transportaciones', [])
 3 SYSTEMPATH/CodeIgniter.php(919): App\Controllers\Transpo\DatabaseController->getIncluded('10')
 4 SYSTEMPATH/CodeIgniter.php(494): CodeIgniter\CodeIgniter->runController(Object(App\Controllers\Transpo\DatabaseController))
 5 SYSTEMPATH/CodeIgniter.php(353): CodeIgniter\CodeIgniter->handleRequest(null, Object(Config\Cache), false)
 6 FCPATH/index.php(79): CodeIgniter\CodeIgniter->run()
INFO - 2024-07-11 16:28:29 --> Session: Class initialized using 'CodeIgniter\Session\Handlers\FileHandler' driver.
INFO - 2024-07-11 16:28:32 --> Session: Class initialized using 'CodeIgniter\Session\Handlers\FileHandler' driver.
INFO - 2024-07-11 16:29:13 --> Session: Class initialized using 'CodeIgniter\Session\Handlers\FileHandler' driver.
INFO - 2024-07-11 16:29:51 --> Session: Class initialized using 'CodeIgniter\Session\Handlers\FileHandler' driver.
INFO - 2024-07-11 16:33:24 --> Session: Class initialized using 'CodeIgniter\Session\Handlers\FileHandler' driver.
INFO - 2024-07-11 16:36:15 --> Session: Class initialized using 'CodeIgniter\Session\Handlers\FileHandler' driver.
CRITICAL - 2024-07-11 11:36:18 --> There is no data to insert.
in SYSTEMPATH/BaseModel.php on line 768.
 1 SYSTEMPATH/BaseModel.php(768): CodeIgniter\Database\Exceptions\DataException::forEmptyDataset('insert')
 2 SYSTEMPATH/Model.php(715): CodeIgniter\BaseModel->insert([], true)
 3 APPPATH/Controllers/Transpo/DatabaseController.php(77): CodeIgniter\Model->insert([...], true)
 4 SYSTEMPATH/CodeIgniter.php(919): App\Controllers\Transpo\DatabaseController->getIncluded('10')
 5 SYSTEMPATH/CodeIgniter.php(494): CodeIgniter\CodeIgniter->runController(Object(App\Controllers\Transpo\DatabaseController))
 6 SYSTEMPATH/CodeIgniter.php(353): CodeIgniter\CodeIgniter->handleRequest(null, Object(Config\Cache), false)
 7 FCPATH/index.php(79): CodeIgniter\CodeIgniter->run()
INFO - 2024-07-11 16:38:42 --> Session: Class initialized using 'CodeIgniter\Session\Handlers\FileHandler' driver.
INFO - 2024-07-11 16:38:46 --> Session: Class initialized using 'CodeIgniter\Session\Handlers\FileHandler' driver.
CRITICAL - 2024-07-11 11:38:48 --> Array to string conversion
in SYSTEMPATH/Database/BaseBuilder.php on line 2159.
 1 [internal function]: CodeIgniter\Debug\Exceptions->errorHandler(2, 'Array to string conversion', '/Users/geosh/Sites/localhost/adhApi/system/Database/BaseBuilder.php', 2159)
 2 SYSTEMPATH/Database/BaseBuilder.php(2159): implode(',', [...])
 3 [internal function]: CodeIgniter\Database\BaseBuilder::CodeIgniter\Database\{closure}([...])
 4 SYSTEMPATH/Database/BaseBuilder.php(2159): array_map(Object(Closure), [...])
 5 SYSTEMPATH/Database/BaseBuilder.php(2220): CodeIgniter\Database\BaseBuilder->formatValues([...])
 6 SYSTEMPATH/Database/BaseBuilder.php(1791): CodeIgniter\Database\BaseBuilder->_insertBatch('`qwt_history`', [...], [...])
 7 SYSTEMPATH/Database/BaseBuilder.php(2191): CodeIgniter\Database\BaseBuilder->batchExecute('_insertBatch', 100)
 8 APPPATH/Models/Transpo/TranspoHistoryModel.php(33): CodeIgniter\Database\BaseBuilder->insertBatch([...])
 9 APPPATH/Controllers/Transpo/DatabaseController.php(77): App\Models\Transpo\TranspoHistoryModel->create([...])
10 SYSTEMPATH/CodeIgniter.php(919): App\Controllers\Transpo\DatabaseController->getIncluded('10')
11 SYSTEMPATH/CodeIgniter.php(494): CodeIgniter\CodeIgniter->runController(Object(App\Controllers\Transpo\DatabaseController))
12 SYSTEMPATH/CodeIgniter.php(353): CodeIgniter\CodeIgniter->handleRequest(null, Object(Config\Cache), false)
13 FCPATH/index.php(79): CodeIgniter\CodeIgniter->run()
INFO - 2024-07-11 16:40:05 --> Session: Class initialized using 'CodeIgniter\Session\Handlers\FileHandler' driver.
INFO - 2024-07-11 16:43:39 --> Session: Class initialized using 'CodeIgniter\Session\Handlers\FileHandler' driver.
ERROR - 2024-07-11 11:43:40 --> Error connecting to the database: CodeIgniter\Database\Exceptions\DatabaseException: [Microsoft][ODBC Driver 18 for SQL Server][SQL Server]Cannot open server 'atelier-hoteles' requested by the login. Client with IP address '187.155.108.183' is not allowed to access the server.  To enable access, use the Azure Management Portal or run sp_set_firewall_rule on the master database to create a firewall rule for this IP address or address range.  It may take up to five minutes for this change to take effect. SQLSTATE: 42000, code: 40615 in /Users/geosh/Sites/localhost/adhApi/system/Database/SQLSRV/Connection.php:142
Stack trace:
#0 /Users/geosh/Sites/localhost/adhApi/system/Database/BaseConnection.php(391): CodeIgniter\Database\SQLSRV\Connection->connect(false)
#1 /Users/geosh/Sites/localhost/adhApi/system/Database/BaseConnection.php(642): CodeIgniter\Database\BaseConnection->initialize()
#2 /Users/geosh/Sites/localhost/adhApi/app/Controllers/Transpo/DatabaseController.php(39): CodeIgniter\Database\BaseConnection->query('SELECT \n       ...')
#3 /Users/geosh/Sites/localhost/adhApi/system/CodeIgniter.php(919): App\Controllers\Transpo\DatabaseController->getIncluded('10')
#4 /Users/geosh/Sites/localhost/adhApi/system/CodeIgniter.php(494): CodeIgniter\CodeIgniter->runController(Object(App\Controllers\Transpo\DatabaseController))
#5 /Users/geosh/Sites/localhost/adhApi/system/CodeIgniter.php(353): CodeIgniter\CodeIgniter->handleRequest(NULL, Object(Config\Cache), false)
#6 /Users/geosh/Sites/localhost/adhApi/index.php(79): CodeIgniter\CodeIgniter->run()
#7 {main}
CRITICAL - 2024-07-11 11:43:40 --> Unable to connect to the database.
Main connection [SQLSRV]: [Microsoft][ODBC Driver 18 for SQL Server][SQL Server]Cannot open server 'atelier-hoteles' requested by the login. Client with IP address '187.155.108.183' is not allowed to access the server.  To enable access, use the Azure Management Portal or run sp_set_firewall_rule on the master database to create a firewall rule for this IP address or address range.  It may take up to five minutes for this change to take effect. SQLSTATE: 42000, code: 40615
in SYSTEMPATH/Database/BaseConnection.php on line 427.
 1 SYSTEMPATH/Database/BaseConnection.php(642): CodeIgniter\Database\BaseConnection->initialize()
 2 APPPATH/Controllers/Transpo/DatabaseController.php(39): CodeIgniter\Database\BaseConnection->query('SELECT 
                    CASE WHEN htl.Name LIKE \'%atelier playa mujeres%\' THEN \'ATELIER\'
                    WHEN htl.Name LIKE \'%Óleo Cancún Playa%\' THEN \'OLEO\'
                    ELSE htl.Name END as Hotel, ReservationNumber, DateFrom, DateTo, 
                    CONCAT(rsv.Adults,\'.\',COALESCE(rsv.Children,0)+COALESCE(rsv.Teens,0)+COALESCE(rsv.Infants,0)) as pax,
                    CONCAT(rsv.Name,\' \',rsv.LastName) as Guest, 
                    rsv.Email as Email
                FROM 
                    [dbo].[Reservations] rsv
                    LEFT JOIN [dbo].[Hotels] htl ON rsv.HotelId=htl.HotelId
                    LEFT JOIN [dbo].[Agencies] agn ON rsv.AgencyId=agn.AgencyId
                WHERE 
                    (
                        [ReservationDate] >= DATEADD(DAY, -(10), GETDATE())
                        OR DateFrom BETWEEN GETDATE() AND DATEADD(DAY, 10, GETDATE())
                    )
                    AND DateCancel IS NULL
                    AND Company = \'Website\'
                    AND (Notes LIKE \'%Airport Transfer%\' OR Notes LIKE \'%Traslados Aeropuerto%\')')
 3 SYSTEMPATH/CodeIgniter.php(919): App\Controllers\Transpo\DatabaseController->getIncluded('10')
 4 SYSTEMPATH/CodeIgniter.php(494): CodeIgniter\CodeIgniter->runController(Object(App\Controllers\Transpo\DatabaseController))
 5 SYSTEMPATH/CodeIgniter.php(353): CodeIgniter\CodeIgniter->handleRequest(null, Object(Config\Cache), false)
 6 FCPATH/index.php(79): CodeIgniter\CodeIgniter->run()
INFO - 2024-07-11 16:43:43 --> Session: Class initialized using 'CodeIgniter\Session\Handlers\FileHandler' driver.
INFO - 2024-07-11 16:43:46 --> Session: Class initialized using 'CodeIgniter\Session\Handlers\FileHandler' driver.
INFO - 2024-07-11 16:43:48 --> Session: Class initialized using 'CodeIgniter\Session\Handlers\FileHandler' driver.
INFO - 2024-07-11 17:21:47 --> Session: Class initialized using 'CodeIgniter\Session\Handlers\FileHandler' driver.
CRITICAL - 2024-07-11 12:21:48 --> Undefined array key 0
in APPPATH/Helpers/database_helper.php on line 49.
 1 APPPATH/Helpers/database_helper.php(49): CodeIgniter\Debug\Exceptions->errorHandler(2, 'Undefined array key 0', '/Users/geosh/Sites/localhost/adhApi/app/Helpers/database_helper.php', 49)
 2 APPPATH/Controllers/Transpo/DatabaseController.php(63): insertIgnoreBatch('qwt_transportaciones', [])
 3 SYSTEMPATH/CodeIgniter.php(919): App\Controllers\Transpo\DatabaseController->getIncluded('10')
 4 SYSTEMPATH/CodeIgniter.php(494): CodeIgniter\CodeIgniter->runController(Object(App\Controllers\Transpo\DatabaseController))
 5 SYSTEMPATH/CodeIgniter.php(353): CodeIgniter\CodeIgniter->handleRequest(null, Object(Config\Cache), false)
 6 FCPATH/index.php(79): CodeIgniter\CodeIgniter->run()
INFO - 2024-07-11 17:33:50 --> Session: Class initialized using 'CodeIgniter\Session\Handlers\FileHandler' driver.
INFO - 2024-07-11 17:33:53 --> Session: Class initialized using 'CodeIgniter\Session\Handlers\FileHandler' driver.
ERROR - 2024-07-11 12:33:54 --> Error connecting to the database: CodeIgniter\Database\Exceptions\DatabaseException: [Microsoft][ODBC Driver 18 for SQL Server][SQL Server]Cannot open server 'atelier-hoteles' requested by the login. Client with IP address '187.155.108.183' is not allowed to access the server.  To enable access, use the Azure Management Portal or run sp_set_firewall_rule on the master database to create a firewall rule for this IP address or address range.  It may take up to five minutes for this change to take effect. SQLSTATE: 42000, code: 40615 in /Users/geosh/Sites/localhost/adhApi/system/Database/SQLSRV/Connection.php:142
Stack trace:
#0 /Users/geosh/Sites/localhost/adhApi/system/Database/BaseConnection.php(391): CodeIgniter\Database\SQLSRV\Connection->connect(false)
#1 /Users/geosh/Sites/localhost/adhApi/system/Database/BaseConnection.php(642): CodeIgniter\Database\BaseConnection->initialize()
#2 /Users/geosh/Sites/localhost/adhApi/app/Controllers/Transpo/DatabaseController.php(39): CodeIgniter\Database\BaseConnection->query('SELECT \n       ...')
#3 /Users/geosh/Sites/localhost/adhApi/system/CodeIgniter.php(919): App\Controllers\Transpo\DatabaseController->getIncluded('10')
#4 /Users/geosh/Sites/localhost/adhApi/system/CodeIgniter.php(494): CodeIgniter\CodeIgniter->runController(Object(App\Controllers\Transpo\DatabaseController))
#5 /Users/geosh/Sites/localhost/adhApi/system/CodeIgniter.php(353): CodeIgniter\CodeIgniter->handleRequest(NULL, Object(Config\Cache), false)
#6 /Users/geosh/Sites/localhost/adhApi/index.php(79): CodeIgniter\CodeIgniter->run()
#7 {main}
CRITICAL - 2024-07-11 12:33:54 --> Unable to connect to the database.
Main connection [SQLSRV]: [Microsoft][ODBC Driver 18 for SQL Server][SQL Server]Cannot open server 'atelier-hoteles' requested by the login. Client with IP address '187.155.108.183' is not allowed to access the server.  To enable access, use the Azure Management Portal or run sp_set_firewall_rule on the master database to create a firewall rule for this IP address or address range.  It may take up to five minutes for this change to take effect. SQLSTATE: 42000, code: 40615
in SYSTEMPATH/Database/BaseConnection.php on line 427.
 1 SYSTEMPATH/Database/BaseConnection.php(642): CodeIgniter\Database\BaseConnection->initialize()
 2 APPPATH/Controllers/Transpo/DatabaseController.php(39): CodeIgniter\Database\BaseConnection->query('SELECT 
                    CASE WHEN htl.Name LIKE \'%atelier playa mujeres%\' THEN \'ATELIER\'
                    WHEN htl.Name LIKE \'%Óleo Cancún Playa%\' THEN \'OLEO\'
                    ELSE htl.Name END as Hotel, ReservationNumber, DateFrom, DateTo, 
                    CONCAT(rsv.Adults,\'.\',COALESCE(rsv.Children,0)+COALESCE(rsv.Teens,0)+COALESCE(rsv.Infants,0)) as pax,
                    CONCAT(rsv.Name,\' \',rsv.LastName) as Guest, 
                    rsv.Email as Email
                FROM 
                    [dbo].[Reservations] rsv
                    LEFT JOIN [dbo].[Hotels] htl ON rsv.HotelId=htl.HotelId
                    LEFT JOIN [dbo].[Agencies] agn ON rsv.AgencyId=agn.AgencyId
                WHERE 
                    (
                        [ReservationDate] >= DATEADD(DAY, -(10), GETDATE())
                        OR DateFrom BETWEEN GETDATE() AND DATEADD(DAY, 10, GETDATE())
                    )
                    AND DateCancel IS NULL
                    AND Company IN (\'Website\',\'contactcenter\')
                    AND (Notes LIKE \'%Airport Transfer%\' OR Notes LIKE \'%Traslados Aeropuerto%\')')
 3 SYSTEMPATH/CodeIgniter.php(919): App\Controllers\Transpo\DatabaseController->getIncluded('10')
 4 SYSTEMPATH/CodeIgniter.php(494): CodeIgniter\CodeIgniter->runController(Object(App\Controllers\Transpo\DatabaseController))
 5 SYSTEMPATH/CodeIgniter.php(353): CodeIgniter\CodeIgniter->handleRequest(null, Object(Config\Cache), false)
 6 FCPATH/index.php(79): CodeIgniter\CodeIgniter->run()
INFO - 2024-07-11 17:33:58 --> Session: Class initialized using 'CodeIgniter\Session\Handlers\FileHandler' driver.
CRITICAL - 2024-07-11 12:34:00 --> Undefined array key 0
in APPPATH/Helpers/database_helper.php on line 49.
 1 APPPATH/Helpers/database_helper.php(49): CodeIgniter\Debug\Exceptions->errorHandler(2, 'Undefined array key 0', '/Users/geosh/Sites/localhost/adhApi/app/Helpers/database_helper.php', 49)
 2 APPPATH/Controllers/Transpo/DatabaseController.php(63): insertIgnoreBatch('qwt_transportaciones', [])
 3 SYSTEMPATH/CodeIgniter.php(919): App\Controllers\Transpo\DatabaseController->getIncluded('10')
 4 SYSTEMPATH/CodeIgniter.php(494): CodeIgniter\CodeIgniter->runController(Object(App\Controllers\Transpo\DatabaseController))
 5 SYSTEMPATH/CodeIgniter.php(353): CodeIgniter\CodeIgniter->handleRequest(null, Object(Config\Cache), false)
 6 FCPATH/index.php(79): CodeIgniter\CodeIgniter->run()
INFO - 2024-07-11 17:34:22 --> Session: Class initialized using 'CodeIgniter\Session\Handlers\FileHandler' driver.
INFO - 2024-07-11 17:35:10 --> Session: Class initialized using 'CodeIgniter\Session\Handlers\FileHandler' driver.
CRITICAL - 2024-07-11 12:35:12 --> Undefined array key 0
in APPPATH/Helpers/database_helper.php on line 49.
 1 APPPATH/Helpers/database_helper.php(49): CodeIgniter\Debug\Exceptions->errorHandler(2, 'Undefined array key 0', '/Users/geosh/Sites/localhost/adhApi/app/Helpers/database_helper.php', 49)
 2 APPPATH/Controllers/Transpo/DatabaseController.php(63): insertIgnoreBatch('qwt_transportaciones', [])
 3 SYSTEMPATH/CodeIgniter.php(919): App\Controllers\Transpo\DatabaseController->getIncluded('10')
 4 SYSTEMPATH/CodeIgniter.php(494): CodeIgniter\CodeIgniter->runController(Object(App\Controllers\Transpo\DatabaseController))
 5 SYSTEMPATH/CodeIgniter.php(353): CodeIgniter\CodeIgniter->handleRequest(null, Object(Config\Cache), false)
 6 FCPATH/index.php(79): CodeIgniter\CodeIgniter->run()
INFO - 2024-07-11 17:35:16 --> Session: Class initialized using 'CodeIgniter\Session\Handlers\FileHandler' driver.
INFO - 2024-07-11 17:35:19 --> Session: Class initialized using 'CodeIgniter\Session\Handlers\FileHandler' driver.
CRITICAL - 2024-07-11 12:35:20 --> Undefined array key 0
in APPPATH/Helpers/database_helper.php on line 49.
 1 APPPATH/Helpers/database_helper.php(49): CodeIgniter\Debug\Exceptions->errorHandler(2, 'Undefined array key 0', '/Users/geosh/Sites/localhost/adhApi/app/Helpers/database_helper.php', 49)
 2 APPPATH/Controllers/Transpo/DatabaseController.php(63): insertIgnoreBatch('qwt_transportaciones', [])
 3 SYSTEMPATH/CodeIgniter.php(919): App\Controllers\Transpo\DatabaseController->getIncluded('10')
 4 SYSTEMPATH/CodeIgniter.php(494): CodeIgniter\CodeIgniter->runController(Object(App\Controllers\Transpo\DatabaseController))
 5 SYSTEMPATH/CodeIgniter.php(353): CodeIgniter\CodeIgniter->handleRequest(null, Object(Config\Cache), false)
 6 FCPATH/index.php(79): CodeIgniter\CodeIgniter->run()
INFO - 2024-07-11 17:36:05 --> Session: Class initialized using 'CodeIgniter\Session\Handlers\FileHandler' driver.
INFO - 2024-07-11 17:42:59 --> Session: Class initialized using 'CodeIgniter\Session\Handlers\FileHandler' driver.
INFO - 2024-07-11 17:43:01 --> Session: Class initialized using 'CodeIgniter\Session\Handlers\FileHandler' driver.
INFO - 2024-07-11 17:49:42 --> Session: Class initialized using 'CodeIgniter\Session\Handlers\FileHandler' driver.
INFO - 2024-07-11 17:50:15 --> Session: Class initialized using 'CodeIgniter\Session\Handlers\FileHandler' driver.
INFO - 2024-07-11 17:50:18 --> Session: Class initialized using 'CodeIgniter\Session\Handlers\FileHandler' driver.
INFO - 2024-07-11 17:51:41 --> Session: Class initialized using 'CodeIgniter\Session\Handlers\FileHandler' driver.
INFO - 2024-07-11 17:51:49 --> Session: Class initialized using 'CodeIgniter\Session\Handlers\FileHandler' driver.
INFO - 2024-07-11 17:53:47 --> Session: Class initialized using 'CodeIgniter\Session\Handlers\FileHandler' driver.
INFO - 2024-07-11 18:00:12 --> Session: Class initialized using 'CodeIgniter\Session\Handlers\FileHandler' driver.
INFO - 2024-07-11 18:00:33 --> Session: Class initialized using 'CodeIgniter\Session\Handlers\FileHandler' driver.
INFO - 2024-07-11 18:01:37 --> Session: Class initialized using 'CodeIgniter\Session\Handlers\FileHandler' driver.
ERROR - 2024-07-11 13:01:38 --> Error connecting to the database: CodeIgniter\Database\Exceptions\DatabaseException: [Microsoft][ODBC Driver 18 for SQL Server][SQL Server]Cannot open server 'atelier-hoteles' requested by the login. Client with IP address '187.155.108.183' is not allowed to access the server.  To enable access, use the Azure Management Portal or run sp_set_firewall_rule on the master database to create a firewall rule for this IP address or address range.  It may take up to five minutes for this change to take effect. SQLSTATE: 42000, code: 40615 in /Users/geosh/Sites/localhost/adhApi/system/Database/SQLSRV/Connection.php:142
Stack trace:
#0 /Users/geosh/Sites/localhost/adhApi/system/Database/BaseConnection.php(391): CodeIgniter\Database\SQLSRV\Connection->connect(false)
#1 /Users/geosh/Sites/localhost/adhApi/system/Database/BaseConnection.php(642): CodeIgniter\Database\BaseConnection->initialize()
#2 /Users/geosh/Sites/localhost/adhApi/app/Controllers/Transpo/DatabaseController.php(39): CodeIgniter\Database\BaseConnection->query('SELECT \n       ...')
#3 /Users/geosh/Sites/localhost/adhApi/system/CodeIgniter.php(919): App\Controllers\Transpo\DatabaseController->getIncluded('10')
#4 /Users/geosh/Sites/localhost/adhApi/system/CodeIgniter.php(494): CodeIgniter\CodeIgniter->runController(Object(App\Controllers\Transpo\DatabaseController))
#5 /Users/geosh/Sites/localhost/adhApi/system/CodeIgniter.php(353): CodeIgniter\CodeIgniter->handleRequest(NULL, Object(Config\Cache), false)
#6 /Users/geosh/Sites/localhost/adhApi/index.php(79): CodeIgniter\CodeIgniter->run()
#7 {main}
CRITICAL - 2024-07-11 13:01:38 --> Unable to connect to the database.
Main connection [SQLSRV]: [Microsoft][ODBC Driver 18 for SQL Server][SQL Server]Cannot open server 'atelier-hoteles' requested by the login. Client with IP address '187.155.108.183' is not allowed to access the server.  To enable access, use the Azure Management Portal or run sp_set_firewall_rule on the master database to create a firewall rule for this IP address or address range.  It may take up to five minutes for this change to take effect. SQLSTATE: 42000, code: 40615
in SYSTEMPATH/Database/BaseConnection.php on line 427.
 1 SYSTEMPATH/Database/BaseConnection.php(642): CodeIgniter\Database\BaseConnection->initialize()
 2 APPPATH/Controllers/Transpo/DatabaseController.php(39): CodeIgniter\Database\BaseConnection->query('SELECT 
                    CASE WHEN htl.Name LIKE \'%atelier playa mujeres%\' THEN \'ATELIER\'
                    WHEN htl.Name LIKE \'%Óleo Cancún Playa%\' THEN \'OLEO\'
                    ELSE htl.Name END as Hotel, ReservationNumber, DateFrom, DateTo, 
                    CONCAT(rsv.Adults,\'.\',COALESCE(rsv.Children,0)+COALESCE(rsv.Teens,0)+COALESCE(rsv.Infants,0)) as pax,
                    CONCAT(rsv.Name,\' \',rsv.LastName) as Guest, 
                    rsv.Email as Email
                FROM 
                    [dbo].[Reservations] rsv
                    LEFT JOIN [dbo].[Hotels] htl ON rsv.HotelId=htl.HotelId
                    LEFT JOIN [dbo].[Agencies] agn ON rsv.AgencyId=agn.AgencyId
                WHERE 
                    (
                        [ReservationDate] >= DATEADD(DAY, -(10), GETDATE())
                        OR DateFrom BETWEEN GETDATE() AND DATEADD(DAY, 10, GETDATE())
                    )
                    AND DateCancel IS NULL
                    AND Company IN (\'Website\',\'contactcenter\')
                    AND (Notes LIKE \'%Airport Transfer%\' OR Notes LIKE \'%Traslados Aeropuerto%\')')
 3 SYSTEMPATH/CodeIgniter.php(919): App\Controllers\Transpo\DatabaseController->getIncluded('10')
 4 SYSTEMPATH/CodeIgniter.php(494): CodeIgniter\CodeIgniter->runController(Object(App\Controllers\Transpo\DatabaseController))
 5 SYSTEMPATH/CodeIgniter.php(353): CodeIgniter\CodeIgniter->handleRequest(null, Object(Config\Cache), false)
 6 FCPATH/index.php(79): CodeIgniter\CodeIgniter->run()
INFO - 2024-07-11 18:01:40 --> Session: Class initialized using 'CodeIgniter\Session\Handlers\FileHandler' driver.
INFO - 2024-07-11 18:01:42 --> Session: Class initialized using 'CodeIgniter\Session\Handlers\FileHandler' driver.
INFO - 2024-07-11 18:01:44 --> Session: Class initialized using 'CodeIgniter\Session\Handlers\FileHandler' driver.
INFO - 2024-07-11 18:01:56 --> Session: Class initialized using 'CodeIgniter\Session\Handlers\FileHandler' driver.
INFO - 2024-07-11 18:01:57 --> Session: Class initialized using 'CodeIgniter\Session\Handlers\FileHandler' driver.
INFO - 2024-07-11 18:02:50 --> Session: Class initialized using 'CodeIgniter\Session\Handlers\FileHandler' driver.
INFO - 2024-07-11 18:02:57 --> Session: Class initialized using 'CodeIgniter\Session\Handlers\FileHandler' driver.
INFO - 2024-07-11 18:03:12 --> Session: Class initialized using 'CodeIgniter\Session\Handlers\FileHandler' driver.
INFO - 2024-07-11 18:03:16 --> Session: Class initialized using 'CodeIgniter\Session\Handlers\FileHandler' driver.
INFO - 2024-07-11 18:03:22 --> Session: Class initialized using 'CodeIgniter\Session\Handlers\FileHandler' driver.
INFO - 2024-07-11 18:04:10 --> Session: Class initialized using 'CodeIgniter\Session\Handlers\FileHandler' driver.
INFO - 2024-07-11 18:08:20 --> Session: Class initialized using 'CodeIgniter\Session\Handlers\FileHandler' driver.
INFO - 2024-07-11 18:09:08 --> Session: Class initialized using 'CodeIgniter\Session\Handlers\FileHandler' driver.
INFO - 2024-07-11 18:11:06 --> Session: Class initialized using 'CodeIgniter\Session\Handlers\FileHandler' driver.
INFO - 2024-07-11 18:11:21 --> Session: Class initialized using 'CodeIgniter\Session\Handlers\FileHandler' driver.
INFO - 2024-07-11 18:11:38 --> Session: Class initialized using 'CodeIgniter\Session\Handlers\FileHandler' driver.
CRITICAL - 2024-07-11 13:11:38 --> Array to string conversion
in SYSTEMPATH/Model.php on line 195.
 1 SYSTEMPATH/Model.php(195): CodeIgniter\Debug\Exceptions->errorHandler(2, 'Array to string conversion', '/Users/geosh/Sites/localhost/adhApi/system/Model.php', 195)
 2 SYSTEMPATH/BaseModel.php(563): CodeIgniter\Model->doFind(true, '3243')
 3 APPPATH/Controllers/Transpo/TransportacionController.php(239): CodeIgniter\BaseModel->find('3243')
 4 SYSTEMPATH/CodeIgniter.php(919): App\Controllers\Transpo\TransportacionController->confirmDelete('3243')
 5 SYSTEMPATH/CodeIgniter.php(494): CodeIgniter\CodeIgniter->runController(Object(App\Controllers\Transpo\TransportacionController))
 6 SYSTEMPATH/CodeIgniter.php(353): CodeIgniter\CodeIgniter->handleRequest(null, Object(Config\Cache), false)
 7 FCPATH/index.php(79): CodeIgniter\CodeIgniter->run()
INFO - 2024-07-11 18:12:28 --> Session: Class initialized using 'CodeIgniter\Session\Handlers\FileHandler' driver.
INFO - 2024-07-11 18:12:30 --> Session: Class initialized using 'CodeIgniter\Session\Handlers\FileHandler' driver.
CRITICAL - 2024-07-11 13:12:30 --> Array to string conversion
in SYSTEMPATH/Model.php on line 195.
 1 SYSTEMPATH/Model.php(195): CodeIgniter\Debug\Exceptions->errorHandler(2, 'Array to string conversion', '/Users/geosh/Sites/localhost/adhApi/system/Model.php', 195)
 2 SYSTEMPATH/BaseModel.php(563): CodeIgniter\Model->doFind(true, '3243')
 3 APPPATH/Controllers/Transpo/TransportacionController.php(239): CodeIgniter\BaseModel->find('3243')
 4 SYSTEMPATH/CodeIgniter.php(919): App\Controllers\Transpo\TransportacionController->confirmDelete('3243')
 5 SYSTEMPATH/CodeIgniter.php(494): CodeIgniter\CodeIgniter->runController(Object(App\Controllers\Transpo\TransportacionController))
 6 SYSTEMPATH/CodeIgniter.php(353): CodeIgniter\CodeIgniter->handleRequest(null, Object(Config\Cache), false)
 7 FCPATH/index.php(79): CodeIgniter\CodeIgniter->run()
INFO - 2024-07-11 18:14:25 --> Session: Class initialized using 'CodeIgniter\Session\Handlers\FileHandler' driver.
INFO - 2024-07-11 18:14:28 --> Session: Class initialized using 'CodeIgniter\Session\Handlers\FileHandler' driver.
INFO - 2024-07-11 18:14:33 --> Session: Class initialized using 'CodeIgniter\Session\Handlers\FileHandler' driver.
INFO - 2024-07-11 18:14:52 --> Session: Class initialized using 'CodeIgniter\Session\Handlers\FileHandler' driver.
INFO - 2024-07-11 18:14:54 --> Session: Class initialized using 'CodeIgniter\Session\Handlers\FileHandler' driver.
INFO - 2024-07-11 18:14:57 --> Session: Class initialized using 'CodeIgniter\Session\Handlers\FileHandler' driver.
INFO - 2024-07-11 18:14:58 --> Session: Class initialized using 'CodeIgniter\Session\Handlers\FileHandler' driver.
INFO - 2024-07-11 18:14:59 --> Session: Class initialized using 'CodeIgniter\Session\Handlers\FileHandler' driver.
INFO - 2024-07-11 18:15:03 --> Session: Class initialized using 'CodeIgniter\Session\Handlers\FileHandler' driver.
INFO - 2024-07-11 18:15:05 --> Session: Class initialized using 'CodeIgniter\Session\Handlers\FileHandler' driver.
INFO - 2024-07-11 18:15:05 --> Session: Class initialized using 'CodeIgniter\Session\Handlers\FileHandler' driver.
INFO - 2024-07-11 18:15:16 --> Session: Class initialized using 'CodeIgniter\Session\Handlers\FileHandler' driver.
ERROR - 2024-07-11 13:15:17 --> Error connecting to the database: CodeIgniter\Database\Exceptions\DatabaseException: [Microsoft][ODBC Driver 18 for SQL Server][SQL Server]Cannot open server 'atelier-hoteles' requested by the login. Client with IP address '187.155.108.183' is not allowed to access the server.  To enable access, use the Azure Management Portal or run sp_set_firewall_rule on the master database to create a firewall rule for this IP address or address range.  It may take up to five minutes for this change to take effect. SQLSTATE: 42000, code: 40615 in /Users/geosh/Sites/localhost/adhApi/system/Database/SQLSRV/Connection.php:142
Stack trace:
#0 /Users/geosh/Sites/localhost/adhApi/system/Database/BaseConnection.php(391): CodeIgniter\Database\SQLSRV\Connection->connect(false)
#1 /Users/geosh/Sites/localhost/adhApi/system/Database/BaseConnection.php(642): CodeIgniter\Database\BaseConnection->initialize()
#2 /Users/geosh/Sites/localhost/adhApi/app/Controllers/Transpo/DatabaseController.php(39): CodeIgniter\Database\BaseConnection->query('SELECT \n       ...')
#3 /Users/geosh/Sites/localhost/adhApi/system/CodeIgniter.php(919): App\Controllers\Transpo\DatabaseController->getIncluded('10')
#4 /Users/geosh/Sites/localhost/adhApi/system/CodeIgniter.php(494): CodeIgniter\CodeIgniter->runController(Object(App\Controllers\Transpo\DatabaseController))
#5 /Users/geosh/Sites/localhost/adhApi/system/CodeIgniter.php(353): CodeIgniter\CodeIgniter->handleRequest(NULL, Object(Config\Cache), false)
#6 /Users/geosh/Sites/localhost/adhApi/index.php(79): CodeIgniter\CodeIgniter->run()
#7 {main}
CRITICAL - 2024-07-11 13:15:17 --> Unable to connect to the database.
Main connection [SQLSRV]: [Microsoft][ODBC Driver 18 for SQL Server][SQL Server]Cannot open server 'atelier-hoteles' requested by the login. Client with IP address '187.155.108.183' is not allowed to access the server.  To enable access, use the Azure Management Portal or run sp_set_firewall_rule on the master database to create a firewall rule for this IP address or address range.  It may take up to five minutes for this change to take effect. SQLSTATE: 42000, code: 40615
in SYSTEMPATH/Database/BaseConnection.php on line 427.
 1 SYSTEMPATH/Database/BaseConnection.php(642): CodeIgniter\Database\BaseConnection->initialize()
 2 APPPATH/Controllers/Transpo/DatabaseController.php(39): CodeIgniter\Database\BaseConnection->query('SELECT 
                    CASE WHEN htl.Name LIKE \'%atelier playa mujeres%\' THEN \'ATELIER\'
                    WHEN htl.Name LIKE \'%Óleo Cancún Playa%\' THEN \'OLEO\'
                    ELSE htl.Name END as Hotel, ReservationNumber, DateFrom, DateTo, 
                    CONCAT(rsv.Adults,\'.\',COALESCE(rsv.Children,0)+COALESCE(rsv.Teens,0)+COALESCE(rsv.Infants,0)) as pax,
                    CONCAT(rsv.Name,\' \',rsv.LastName) as Guest, 
                    rsv.Email as Email
                FROM 
                    [dbo].[Reservations] rsv
                    LEFT JOIN [dbo].[Hotels] htl ON rsv.HotelId=htl.HotelId
                    LEFT JOIN [dbo].[Agencies] agn ON rsv.AgencyId=agn.AgencyId
                WHERE 
                    (
                        [ReservationDate] >= DATEADD(DAY, -(10), GETDATE())
                        OR DateFrom BETWEEN GETDATE() AND DATEADD(DAY, 10, GETDATE())
                    )
                    AND DateCancel IS NULL
                    AND Company IN (\'Website\',\'contactcenter\')
                    AND (Notes LIKE \'%Airport Transfer%\' OR Notes LIKE \'%Traslados Aeropuerto%\')')
 3 SYSTEMPATH/CodeIgniter.php(919): App\Controllers\Transpo\DatabaseController->getIncluded('10')
 4 SYSTEMPATH/CodeIgniter.php(494): CodeIgniter\CodeIgniter->runController(Object(App\Controllers\Transpo\DatabaseController))
 5 SYSTEMPATH/CodeIgniter.php(353): CodeIgniter\CodeIgniter->handleRequest(null, Object(Config\Cache), false)
 6 FCPATH/index.php(79): CodeIgniter\CodeIgniter->run()
INFO - 2024-07-11 18:15:19 --> Session: Class initialized using 'CodeIgniter\Session\Handlers\FileHandler' driver.
INFO - 2024-07-11 18:15:20 --> Session: Class initialized using 'CodeIgniter\Session\Handlers\FileHandler' driver.
INFO - 2024-07-11 21:09:20 --> Session: Class initialized using 'CodeIgniter\Session\Handlers\FileHandler' driver.
INFO - 2024-07-11 21:09:20 --> Session: Class initialized using 'CodeIgniter\Session\Handlers\FileHandler' driver.
ERROR - 2024-07-11 17:10:45 --> mysqli_sql_exception: Duplicate entry '309872-ENTRADA' for key 'PRIMARY' in /Users/geosh/Sites/localhost/adhApi/system/Database/MySQLi/Connection.php:306
Stack trace:
#0 /Users/geosh/Sites/localhost/adhApi/system/Database/MySQLi/Connection.php(306): mysqli->query('INSERT INTO `qw...', 0)
#1 /Users/geosh/Sites/localhost/adhApi/system/Database/BaseConnection.php(760): CodeIgniter\Database\MySQLi\Connection->execute('INSERT INTO `qw...')
#2 /Users/geosh/Sites/localhost/adhApi/system/Database/BaseConnection.php(674): CodeIgniter\Database\BaseConnection->simpleQuery('INSERT INTO `qw...')
#3 /Users/geosh/Sites/localhost/adhApi/system/Database/BaseBuilder.php(2308): CodeIgniter\Database\BaseConnection->query('INSERT INTO `qw...', Array, false)
#4 /Users/geosh/Sites/localhost/adhApi/system/Model.php(319): CodeIgniter\Database\BaseBuilder->insert()
#5 /Users/geosh/Sites/localhost/adhApi/system/BaseModel.php(788): CodeIgniter\Model->doInsert(Array)
#6 /Users/geosh/Sites/localhost/adhApi/system/Model.php(715): CodeIgniter\BaseModel->insert(Array, true)
#7 /Users/geosh/Sites/localhost/adhApi/app/Controllers/Transpo/TransportacionController.php(113): CodeIgniter\Model->insert(Array)
#8 /Users/geosh/Sites/localhost/adhApi/app/Controllers/Transpo/TransportacionController.php(315): App\Controllers\Transpo\TransportacionController->store(true, Array)
#9 /Users/geosh/Sites/localhost/adhApi/system/CodeIgniter.php(919): App\Controllers\Transpo\TransportacionController->storeForm()
#10 /Users/geosh/Sites/localhost/adhApi/system/CodeIgniter.php(494): CodeIgniter\CodeIgniter->runController(Object(App\Controllers\Transpo\TransportacionController))
#11 /Users/geosh/Sites/localhost/adhApi/system/CodeIgniter.php(353): CodeIgniter\CodeIgniter->handleRequest(NULL, Object(Config\Cache), false)
#12 /Users/geosh/Sites/localhost/adhApi/index.php(79): CodeIgniter\CodeIgniter->run()
#13 {main}
CRITICAL - 2024-07-11 17:10:45 --> Duplicate entry '309872-ENTRADA' for key 'PRIMARY'
in SYSTEMPATH/Database/BaseConnection.php on line 714.
 1 SYSTEMPATH/Database/BaseBuilder.php(2308): CodeIgniter\Database\BaseConnection->query('INSERT INTO `qwt_transportaciones` (`shuttle`, `hotel`, `tipo`, `folio`, `pax`, `guest`, `date`, `time`, `flight`, `airline`, `precio`, `status`, `correo`, `phone`, `tickets`) VALUES (:shuttle:, :hotel:, :tipo:, :folio:, :pax:, :guest:, :date:, :time:, :flight:, :airline:, :precio:, :status:, :correo:, :phone:, :tickets:)', [...], false)
 2 SYSTEMPATH/Model.php(319): CodeIgniter\Database\BaseBuilder->insert()
 3 SYSTEMPATH/BaseModel.php(788): CodeIgniter\Model->doInsert([...])
 4 SYSTEMPATH/Model.php(715): CodeIgniter\BaseModel->insert([...], true)
 5 APPPATH/Controllers/Transpo/TransportacionController.php(113): CodeIgniter\Model->insert([...])
 6 APPPATH/Controllers/Transpo/TransportacionController.php(315): App\Controllers\Transpo\TransportacionController->store(true, [...])
 7 SYSTEMPATH/CodeIgniter.php(919): App\Controllers\Transpo\TransportacionController->storeForm()
 8 SYSTEMPATH/CodeIgniter.php(494): CodeIgniter\CodeIgniter->runController(Object(App\Controllers\Transpo\TransportacionController))
 9 SYSTEMPATH/CodeIgniter.php(353): CodeIgniter\CodeIgniter->handleRequest(null, Object(Config\Cache), false)
10 FCPATH/index.php(79): CodeIgniter\CodeIgniter->run()
ERROR - 2024-07-11 17:11:02 --> mysqli_sql_exception: Duplicate entry '309872-ENTRADA' for key 'PRIMARY' in /Users/geosh/Sites/localhost/adhApi/system/Database/MySQLi/Connection.php:306
Stack trace:
#0 /Users/geosh/Sites/localhost/adhApi/system/Database/MySQLi/Connection.php(306): mysqli->query('INSERT INTO `qw...', 0)
#1 /Users/geosh/Sites/localhost/adhApi/system/Database/BaseConnection.php(760): CodeIgniter\Database\MySQLi\Connection->execute('INSERT INTO `qw...')
#2 /Users/geosh/Sites/localhost/adhApi/system/Database/BaseConnection.php(674): CodeIgniter\Database\BaseConnection->simpleQuery('INSERT INTO `qw...')
#3 /Users/geosh/Sites/localhost/adhApi/system/Database/BaseBuilder.php(2308): CodeIgniter\Database\BaseConnection->query('INSERT INTO `qw...', Array, false)
#4 /Users/geosh/Sites/localhost/adhApi/system/Model.php(319): CodeIgniter\Database\BaseBuilder->insert()
#5 /Users/geosh/Sites/localhost/adhApi/system/BaseModel.php(788): CodeIgniter\Model->doInsert(Array)
#6 /Users/geosh/Sites/localhost/adhApi/system/Model.php(715): CodeIgniter\BaseModel->insert(Array, true)
#7 /Users/geosh/Sites/localhost/adhApi/app/Controllers/Transpo/TransportacionController.php(113): CodeIgniter\Model->insert(Array)
#8 /Users/geosh/Sites/localhost/adhApi/app/Controllers/Transpo/TransportacionController.php(315): App\Controllers\Transpo\TransportacionController->store(true, Array)
#9 /Users/geosh/Sites/localhost/adhApi/system/CodeIgniter.php(919): App\Controllers\Transpo\TransportacionController->storeForm()
#10 /Users/geosh/Sites/localhost/adhApi/system/CodeIgniter.php(494): CodeIgniter\CodeIgniter->runController(Object(App\Controllers\Transpo\TransportacionController))
#11 /Users/geosh/Sites/localhost/adhApi/system/CodeIgniter.php(353): CodeIgniter\CodeIgniter->handleRequest(NULL, Object(Config\Cache), false)
#12 /Users/geosh/Sites/localhost/adhApi/index.php(79): CodeIgniter\CodeIgniter->run()
#13 {main}
CRITICAL - 2024-07-11 17:11:02 --> Duplicate entry '309872-ENTRADA' for key 'PRIMARY'
in SYSTEMPATH/Database/BaseConnection.php on line 714.
 1 SYSTEMPATH/Database/BaseBuilder.php(2308): CodeIgniter\Database\BaseConnection->query('INSERT INTO `qwt_transportaciones` (`shuttle`, `hotel`, `tipo`, `folio`, `pax`, `guest`, `date`, `time`, `flight`, `airline`, `precio`, `status`, `correo`, `phone`, `tickets`) VALUES (:shuttle:, :hotel:, :tipo:, :folio:, :pax:, :guest:, :date:, :time:, :flight:, :airline:, :precio:, :status:, :correo:, :phone:, :tickets:)', [...], false)
 2 SYSTEMPATH/Model.php(319): CodeIgniter\Database\BaseBuilder->insert()
 3 SYSTEMPATH/BaseModel.php(788): CodeIgniter\Model->doInsert([...])
 4 SYSTEMPATH/Model.php(715): CodeIgniter\BaseModel->insert([...], true)
 5 APPPATH/Controllers/Transpo/TransportacionController.php(113): CodeIgniter\Model->insert([...])
 6 APPPATH/Controllers/Transpo/TransportacionController.php(315): App\Controllers\Transpo\TransportacionController->store(true, [...])
 7 SYSTEMPATH/CodeIgniter.php(919): App\Controllers\Transpo\TransportacionController->storeForm()
 8 SYSTEMPATH/CodeIgniter.php(494): CodeIgniter\CodeIgniter->runController(Object(App\Controllers\Transpo\TransportacionController))
 9 SYSTEMPATH/CodeIgniter.php(353): CodeIgniter\CodeIgniter->handleRequest(null, Object(Config\Cache), false)
10 FCPATH/index.php(79): CodeIgniter\CodeIgniter->run()
INFO - 2024-07-11 17:27:37 --> Session: Class initialized using 'CodeIgniter\Session\Handlers\FileHandler' driver.
INFO - 2024-07-11 17:29:19 --> Session: Class initialized using 'CodeIgniter\Session\Handlers\FileHandler' driver.
INFO - 2024-07-11 17:29:19 --> Session: Class initialized using 'CodeIgniter\Session\Handlers\FileHandler' driver.
INFO - 2024-07-11 17:29:55 --> Session: Class initialized using 'CodeIgniter\Session\Handlers\FileHandler' driver.
INFO - 2024-07-11 17:29:55 --> Session: Class initialized using 'CodeIgniter\Session\Handlers\FileHandler' driver.
INFO - 2024-07-11 17:30:16 --> Session: Class initialized using 'CodeIgniter\Session\Handlers\FileHandler' driver.
INFO - 2024-07-11 17:30:16 --> Session: Class initialized using 'CodeIgniter\Session\Handlers\FileHandler' driver.
